{"/git/node/rabbot/spec/behavior/ackBatch.spec.js":{"path":"/git/node/rabbot/spec/behavior/ackBatch.spec.js","statementMap":{"0":{"start":{"line":1,"column":0},"end":{"line":1,"column":25}},"1":{"start":{"line":2,"column":11},"end":{"line":2,"column":28}},"2":{"start":{"line":3,"column":13},"end":{"line":3,"column":32}},"3":{"start":{"line":4,"column":13},"end":{"line":4,"column":43}},"4":{"start":{"line":5,"column":15},"end":{"line":5,"column":49}},"5":{"start":{"line":6,"column":11},"end":{"line":6,"column":24}},"6":{"start":{"line":8,"column":0},"end":{"line":412,"column":4}},"7":{"start":{"line":10,"column":1},"end":{"line":53,"column":5}},"8":{"start":{"line":14,"column":2},"end":{"line":18,"column":6}},"9":{"start":{"line":15,"column":3},"end":{"line":15,"column":65}},"10":{"start":{"line":16,"column":3},"end":{"line":16,"column":44}},"11":{"start":{"line":17,"column":3},"end":{"line":17,"column":35}},"12":{"start":{"line":21,"column":6},"end":{"line":21,"column":80}},"13":{"start":{"line":21,"column":37},"end":{"line":21,"column":75}},"14":{"start":{"line":24,"column":4},"end":{"line":26,"column":8}},"15":{"start":{"line":25,"column":6},"end":{"line":25,"column":49}},"16":{"start":{"line":28,"column":2},"end":{"line":30,"column":6}},"17":{"start":{"line":29,"column":3},"end":{"line":29,"column":77}},"18":{"start":{"line":32,"column":2},"end":{"line":36,"column":6}},"19":{"start":{"line":33,"column":3},"end":{"line":33,"column":21}},"20":{"start":{"line":34,"column":6},"end":{"line":34,"column":45}},"21":{"start":{"line":35,"column":3},"end":{"line":35,"column":73}},"22":{"start":{"line":38,"column":2},"end":{"line":42,"column":6}},"23":{"start":{"line":39,"column":3},"end":{"line":39,"column":22}},"24":{"start":{"line":40,"column":6},"end":{"line":40,"column":46}},"25":{"start":{"line":41,"column":3},"end":{"line":41,"column":74}},"26":{"start":{"line":44,"column":2},"end":{"line":48,"column":6}},"27":{"start":{"line":45,"column":3},"end":{"line":45,"column":24}},"28":{"start":{"line":46,"column":6},"end":{"line":46,"column":48}},"29":{"start":{"line":47,"column":3},"end":{"line":47,"column":76}},"30":{"start":{"line":50,"column":2},"end":{"line":52,"column":6}},"31":{"start":{"line":51,"column":3},"end":{"line":51,"column":24}},"32":{"start":{"line":55,"column":1},"end":{"line":82,"column":5}},"33":{"start":{"line":60,"column":2},"end":{"line":69,"column":6}},"34":{"start":{"line":61,"column":3},"end":{"line":65,"column":5}},"35":{"start":{"line":62,"column":4},"end":{"line":62,"column":15}},"36":{"start":{"line":63,"column":4},"end":{"line":63,"column":13}},"37":{"start":{"line":64,"column":4},"end":{"line":64,"column":11}},"38":{"start":{"line":66,"column":3},"end":{"line":66,"column":69}},"39":{"start":{"line":67,"column":3},"end":{"line":67,"column":27}},"40":{"start":{"line":68,"column":3},"end":{"line":68,"column":30}},"41":{"start":{"line":71,"column":2},"end":{"line":73,"column":6}},"42":{"start":{"line":72,"column":3},"end":{"line":72,"column":36}},"43":{"start":{"line":75,"column":2},"end":{"line":77,"column":6}},"44":{"start":{"line":76,"column":3},"end":{"line":76,"column":35}},"45":{"start":{"line":79,"column":2},"end":{"line":81,"column":6}},"46":{"start":{"line":80,"column":3},"end":{"line":80,"column":24}},"47":{"start":{"line":84,"column":1},"end":{"line":124,"column":5}},"48":{"start":{"line":89,"column":2},"end":{"line":102,"column":6}},"49":{"start":{"line":90,"column":3},"end":{"line":94,"column":5}},"50":{"start":{"line":91,"column":4},"end":{"line":91,"column":15}},"51":{"start":{"line":92,"column":4},"end":{"line":92,"column":13}},"52":{"start":{"line":93,"column":4},"end":{"line":93,"column":11}},"53":{"start":{"line":95,"column":3},"end":{"line":95,"column":69}},"54":{"start":{"line":96,"column":3},"end":{"line":96,"column":55}},"55":{"start":{"line":97,"column":3},"end":{"line":97,"column":55}},"56":{"start":{"line":98,"column":3},"end":{"line":98,"column":55}},"57":{"start":{"line":99,"column":3},"end":{"line":99,"column":55}},"58":{"start":{"line":100,"column":3},"end":{"line":100,"column":27}},"59":{"start":{"line":101,"column":3},"end":{"line":101,"column":30}},"60":{"start":{"line":104,"column":2},"end":{"line":106,"column":6}},"61":{"start":{"line":105,"column":3},"end":{"line":105,"column":36}},"62":{"start":{"line":108,"column":2},"end":{"line":115,"column":6}},"63":{"start":{"line":109,"column":3},"end":{"line":114,"column":7}},"64":{"start":{"line":117,"column":2},"end":{"line":119,"column":6}},"65":{"start":{"line":118,"column":3},"end":{"line":118,"column":41}},"66":{"start":{"line":121,"column":2},"end":{"line":123,"column":6}},"67":{"start":{"line":122,"column":3},"end":{"line":122,"column":24}},"68":{"start":{"line":126,"column":1},"end":{"line":168,"column":5}},"69":{"start":{"line":131,"column":2},"end":{"line":145,"column":6}},"70":{"start":{"line":132,"column":3},"end":{"line":136,"column":5}},"71":{"start":{"line":133,"column":4},"end":{"line":133,"column":15}},"72":{"start":{"line":134,"column":4},"end":{"line":134,"column":13}},"73":{"start":{"line":135,"column":4},"end":{"line":135,"column":11}},"74":{"start":{"line":137,"column":3},"end":{"line":137,"column":69}},"75":{"start":{"line":138,"column":3},"end":{"line":138,"column":55}},"76":{"start":{"line":139,"column":3},"end":{"line":139,"column":55}},"77":{"start":{"line":140,"column":3},"end":{"line":140,"column":51}},"78":{"start":{"line":141,"column":3},"end":{"line":141,"column":52}},"79":{"start":{"line":142,"column":3},"end":{"line":142,"column":54}},"80":{"start":{"line":143,"column":3},"end":{"line":143,"column":27}},"81":{"start":{"line":144,"column":3},"end":{"line":144,"column":30}},"82":{"start":{"line":147,"column":2},"end":{"line":149,"column":6}},"83":{"start":{"line":148,"column":3},"end":{"line":148,"column":36}},"84":{"start":{"line":151,"column":2},"end":{"line":159,"column":6}},"85":{"start":{"line":152,"column":3},"end":{"line":158,"column":7}},"86":{"start":{"line":161,"column":2},"end":{"line":163,"column":6}},"87":{"start":{"line":162,"column":3},"end":{"line":162,"column":41}},"88":{"start":{"line":165,"column":2},"end":{"line":167,"column":6}},"89":{"start":{"line":166,"column":3},"end":{"line":166,"column":24}},"90":{"start":{"line":170,"column":1},"end":{"line":220,"column":5}},"91":{"start":{"line":175,"column":2},"end":{"line":194,"column":6}},"92":{"start":{"line":176,"column":3},"end":{"line":180,"column":5}},"93":{"start":{"line":177,"column":4},"end":{"line":177,"column":15}},"94":{"start":{"line":178,"column":4},"end":{"line":178,"column":13}},"95":{"start":{"line":179,"column":4},"end":{"line":179,"column":24}},"96":{"start":{"line":181,"column":3},"end":{"line":181,"column":69}},"97":{"start":{"line":182,"column":3},"end":{"line":184,"column":7}},"98":{"start":{"line":183,"column":4},"end":{"line":183,"column":11}},"99":{"start":{"line":186,"column":3},"end":{"line":186,"column":51}},"100":{"start":{"line":187,"column":3},"end":{"line":187,"column":51}},"101":{"start":{"line":188,"column":3},"end":{"line":188,"column":51}},"102":{"start":{"line":189,"column":3},"end":{"line":189,"column":51}},"103":{"start":{"line":190,"column":3},"end":{"line":190,"column":51}},"104":{"start":{"line":191,"column":3},"end":{"line":191,"column":24}},"105":{"start":{"line":192,"column":3},"end":{"line":192,"column":27}},"106":{"start":{"line":193,"column":3},"end":{"line":193,"column":30}},"107":{"start":{"line":196,"column":2},"end":{"line":199,"column":6}},"108":{"start":{"line":197,"column":3},"end":{"line":197,"column":32}},"109":{"start":{"line":198,"column":3},"end":{"line":198,"column":52}},"110":{"start":{"line":201,"column":2},"end":{"line":203,"column":6}},"111":{"start":{"line":202,"column":3},"end":{"line":202,"column":35}},"112":{"start":{"line":205,"column":2},"end":{"line":207,"column":6}},"113":{"start":{"line":206,"column":3},"end":{"line":206,"column":37}},"114":{"start":{"line":209,"column":2},"end":{"line":211,"column":6}},"115":{"start":{"line":210,"column":3},"end":{"line":210,"column":38}},"116":{"start":{"line":213,"column":2},"end":{"line":215,"column":6}},"117":{"start":{"line":214,"column":3},"end":{"line":214,"column":41}},"118":{"start":{"line":217,"column":2},"end":{"line":219,"column":6}},"119":{"start":{"line":218,"column":3},"end":{"line":218,"column":24}},"120":{"start":{"line":222,"column":1},"end":{"line":272,"column":5}},"121":{"start":{"line":227,"column":2},"end":{"line":246,"column":6}},"122":{"start":{"line":228,"column":3},"end":{"line":232,"column":5}},"123":{"start":{"line":229,"column":4},"end":{"line":229,"column":15}},"124":{"start":{"line":230,"column":4},"end":{"line":230,"column":13}},"125":{"start":{"line":231,"column":4},"end":{"line":231,"column":24}},"126":{"start":{"line":233,"column":3},"end":{"line":233,"column":69}},"127":{"start":{"line":234,"column":3},"end":{"line":236,"column":7}},"128":{"start":{"line":235,"column":4},"end":{"line":235,"column":11}},"129":{"start":{"line":238,"column":3},"end":{"line":238,"column":52}},"130":{"start":{"line":239,"column":3},"end":{"line":239,"column":52}},"131":{"start":{"line":240,"column":3},"end":{"line":240,"column":52}},"132":{"start":{"line":241,"column":3},"end":{"line":241,"column":52}},"133":{"start":{"line":242,"column":3},"end":{"line":242,"column":52}},"134":{"start":{"line":243,"column":3},"end":{"line":243,"column":25}},"135":{"start":{"line":244,"column":3},"end":{"line":244,"column":27}},"136":{"start":{"line":245,"column":3},"end":{"line":245,"column":30}},"137":{"start":{"line":248,"column":2},"end":{"line":251,"column":6}},"138":{"start":{"line":249,"column":3},"end":{"line":249,"column":33}},"139":{"start":{"line":250,"column":3},"end":{"line":250,"column":52}},"140":{"start":{"line":253,"column":2},"end":{"line":255,"column":6}},"141":{"start":{"line":254,"column":3},"end":{"line":254,"column":35}},"142":{"start":{"line":257,"column":2},"end":{"line":259,"column":6}},"143":{"start":{"line":258,"column":3},"end":{"line":258,"column":38}},"144":{"start":{"line":261,"column":2},"end":{"line":263,"column":6}},"145":{"start":{"line":262,"column":3},"end":{"line":262,"column":39}},"146":{"start":{"line":265,"column":2},"end":{"line":267,"column":6}},"147":{"start":{"line":266,"column":3},"end":{"line":266,"column":41}},"148":{"start":{"line":269,"column":2},"end":{"line":271,"column":6}},"149":{"start":{"line":270,"column":3},"end":{"line":270,"column":24}},"150":{"start":{"line":274,"column":1},"end":{"line":324,"column":5}},"151":{"start":{"line":279,"column":2},"end":{"line":298,"column":6}},"152":{"start":{"line":280,"column":3},"end":{"line":284,"column":5}},"153":{"start":{"line":281,"column":4},"end":{"line":281,"column":15}},"154":{"start":{"line":282,"column":4},"end":{"line":282,"column":13}},"155":{"start":{"line":283,"column":4},"end":{"line":283,"column":24}},"156":{"start":{"line":285,"column":3},"end":{"line":285,"column":69}},"157":{"start":{"line":286,"column":3},"end":{"line":288,"column":7}},"158":{"start":{"line":287,"column":4},"end":{"line":287,"column":11}},"159":{"start":{"line":290,"column":3},"end":{"line":290,"column":54}},"160":{"start":{"line":291,"column":3},"end":{"line":291,"column":54}},"161":{"start":{"line":292,"column":3},"end":{"line":292,"column":54}},"162":{"start":{"line":293,"column":3},"end":{"line":293,"column":54}},"163":{"start":{"line":294,"column":3},"end":{"line":294,"column":54}},"164":{"start":{"line":295,"column":3},"end":{"line":295,"column":27}},"165":{"start":{"line":296,"column":3},"end":{"line":296,"column":27}},"166":{"start":{"line":297,"column":3},"end":{"line":297,"column":30}},"167":{"start":{"line":300,"column":2},"end":{"line":303,"column":6}},"168":{"start":{"line":301,"column":3},"end":{"line":301,"column":35}},"169":{"start":{"line":302,"column":3},"end":{"line":302,"column":52}},"170":{"start":{"line":305,"column":2},"end":{"line":307,"column":6}},"171":{"start":{"line":306,"column":3},"end":{"line":306,"column":35}},"172":{"start":{"line":309,"column":2},"end":{"line":311,"column":6}},"173":{"start":{"line":310,"column":3},"end":{"line":310,"column":40}},"174":{"start":{"line":313,"column":2},"end":{"line":315,"column":6}},"175":{"start":{"line":314,"column":3},"end":{"line":314,"column":41}},"176":{"start":{"line":317,"column":2},"end":{"line":319,"column":6}},"177":{"start":{"line":318,"column":3},"end":{"line":318,"column":41}},"178":{"start":{"line":321,"column":2},"end":{"line":323,"column":6}},"179":{"start":{"line":322,"column":3},"end":{"line":322,"column":24}},"180":{"start":{"line":326,"column":1},"end":{"line":411,"column":5}},"181":{"start":{"line":330,"column":15},"end":{"line":330,"column":17}},"182":{"start":{"line":331,"column":13},"end":{"line":331,"column":15}},"183":{"start":{"line":332,"column":2},"end":{"line":365,"column":6}},"184":{"start":{"line":333,"column":3},"end":{"line":337,"column":5}},"185":{"start":{"line":334,"column":4},"end":{"line":334,"column":21}},"186":{"start":{"line":335,"column":4},"end":{"line":335,"column":19}},"187":{"start":{"line":336,"column":4},"end":{"line":336,"column":24}},"188":{"start":{"line":338,"column":3},"end":{"line":338,"column":69}},"189":{"start":{"line":339,"column":3},"end":{"line":341,"column":7}},"190":{"start":{"line":340,"column":4},"end":{"line":340,"column":11}},"191":{"start":{"line":343,"column":18},"end":{"line":350,"column":4}},"192":{"start":{"line":352,"column":3},"end":{"line":352,"column":54}},"193":{"start":{"line":354,"column":3},"end":{"line":354,"column":23}},"194":{"start":{"line":355,"column":3},"end":{"line":355,"column":23}},"195":{"start":{"line":356,"column":3},"end":{"line":356,"column":24}},"196":{"start":{"line":357,"column":3},"end":{"line":357,"column":24}},"197":{"start":{"line":358,"column":3},"end":{"line":358,"column":26}},"198":{"start":{"line":359,"column":3},"end":{"line":359,"column":26}},"199":{"start":{"line":361,"column":3},"end":{"line":361,"column":27}},"200":{"start":{"line":362,"column":3},"end":{"line":362,"column":30}},"201":{"start":{"line":363,"column":3},"end":{"line":363,"column":30}},"202":{"start":{"line":364,"column":3},"end":{"line":364,"column":30}},"203":{"start":{"line":367,"column":2},"end":{"line":374,"column":6}},"204":{"start":{"line":368,"column":3},"end":{"line":368,"column":52}},"205":{"start":{"line":369,"column":3},"end":{"line":373,"column":7}},"206":{"start":{"line":376,"column":2},"end":{"line":378,"column":6}},"207":{"start":{"line":377,"column":3},"end":{"line":377,"column":35}},"208":{"start":{"line":380,"column":2},"end":{"line":382,"column":6}},"209":{"start":{"line":381,"column":3},"end":{"line":381,"column":37}},"210":{"start":{"line":384,"column":2},"end":{"line":386,"column":6}},"211":{"start":{"line":385,"column":3},"end":{"line":385,"column":38}},"212":{"start":{"line":388,"column":2},"end":{"line":390,"column":6}},"213":{"start":{"line":389,"column":3},"end":{"line":389,"column":40}},"214":{"start":{"line":392,"column":2},"end":{"line":394,"column":6}},"215":{"start":{"line":393,"column":3},"end":{"line":393,"column":38}},"216":{"start":{"line":396,"column":2},"end":{"line":398,"column":6}},"217":{"start":{"line":397,"column":3},"end":{"line":397,"column":39}},"218":{"start":{"line":400,"column":2},"end":{"line":402,"column":6}},"219":{"start":{"line":401,"column":3},"end":{"line":401,"column":41}},"220":{"start":{"line":404,"column":2},"end":{"line":406,"column":6}},"221":{"start":{"line":405,"column":3},"end":{"line":405,"column":41}},"222":{"start":{"line":408,"column":2},"end":{"line":410,"column":6}},"223":{"start":{"line":409,"column":3},"end":{"line":409,"column":24}}},"fnMap":{"0":{"name":"(anonymous_0)","decl":{"start":{"line":6,"column":11},"end":{"line":6,"column":12}},"loc":{"start":{"line":6,"column":22},"end":{"line":6,"column":24}},"line":6},"1":{"name":"(anonymous_1)","decl":{"start":{"line":8,"column":26},"end":{"line":8,"column":27}},"loc":{"start":{"line":8,"column":37},"end":{"line":412,"column":1}},"line":8},"2":{"name":"(anonymous_2)","decl":{"start":{"line":10,"column":40},"end":{"line":10,"column":41}},"loc":{"start":{"line":10,"column":51},"end":{"line":53,"column":2}},"line":10},"3":{"name":"(anonymous_3)","decl":{"start":{"line":14,"column":10},"end":{"line":14,"column":11}},"loc":{"start":{"line":14,"column":21},"end":{"line":18,"column":3}},"line":14},"4":{"name":"remap","decl":{"start":{"line":20,"column":13},"end":{"line":20,"column":18}},"loc":{"start":{"line":20,"column":27},"end":{"line":22,"column":5}},"line":20},"5":{"name":"(anonymous_5)","decl":{"start":{"line":21,"column":23},"end":{"line":21,"column":24}},"loc":{"start":{"line":21,"column":37},"end":{"line":21,"column":75}},"line":21},"6":{"name":"(anonymous_6)","decl":{"start":{"line":24,"column":51},"end":{"line":24,"column":52}},"loc":{"start":{"line":24,"column":57},"end":{"line":26,"column":5}},"line":24},"7":{"name":"(anonymous_7)","decl":{"start":{"line":28,"column":44},"end":{"line":28,"column":45}},"loc":{"start":{"line":28,"column":55},"end":{"line":30,"column":3}},"line":28},"8":{"name":"(anonymous_8)","decl":{"start":{"line":32,"column":51},"end":{"line":32,"column":52}},"loc":{"start":{"line":32,"column":62},"end":{"line":36,"column":3}},"line":32},"9":{"name":"(anonymous_9)","decl":{"start":{"line":38,"column":53},"end":{"line":38,"column":54}},"loc":{"start":{"line":38,"column":64},"end":{"line":42,"column":3}},"line":38},"10":{"name":"(anonymous_10)","decl":{"start":{"line":44,"column":57},"end":{"line":44,"column":58}},"loc":{"start":{"line":44,"column":68},"end":{"line":48,"column":3}},"line":44},"11":{"name":"(anonymous_11)","decl":{"start":{"line":50,"column":9},"end":{"line":50,"column":10}},"loc":{"start":{"line":50,"column":20},"end":{"line":52,"column":3}},"line":50},"12":{"name":"(anonymous_12)","decl":{"start":{"line":55,"column":42},"end":{"line":55,"column":43}},"loc":{"start":{"line":55,"column":53},"end":{"line":82,"column":2}},"line":55},"13":{"name":"(anonymous_13)","decl":{"start":{"line":60,"column":10},"end":{"line":60,"column":11}},"loc":{"start":{"line":60,"column":27},"end":{"line":69,"column":3}},"line":60},"14":{"name":"(anonymous_14)","decl":{"start":{"line":61,"column":14},"end":{"line":61,"column":15}},"loc":{"start":{"line":61,"column":31},"end":{"line":65,"column":4}},"line":61},"15":{"name":"(anonymous_15)","decl":{"start":{"line":71,"column":39},"end":{"line":71,"column":40}},"loc":{"start":{"line":71,"column":50},"end":{"line":73,"column":3}},"line":71},"16":{"name":"(anonymous_16)","decl":{"start":{"line":75,"column":42},"end":{"line":75,"column":43}},"loc":{"start":{"line":75,"column":53},"end":{"line":77,"column":3}},"line":75},"17":{"name":"(anonymous_17)","decl":{"start":{"line":79,"column":9},"end":{"line":79,"column":10}},"loc":{"start":{"line":79,"column":20},"end":{"line":81,"column":3}},"line":79},"18":{"name":"(anonymous_18)","decl":{"start":{"line":84,"column":52},"end":{"line":84,"column":53}},"loc":{"start":{"line":84,"column":63},"end":{"line":124,"column":2}},"line":84},"19":{"name":"(anonymous_19)","decl":{"start":{"line":89,"column":10},"end":{"line":89,"column":11}},"loc":{"start":{"line":89,"column":27},"end":{"line":102,"column":3}},"line":89},"20":{"name":"(anonymous_20)","decl":{"start":{"line":90,"column":14},"end":{"line":90,"column":15}},"loc":{"start":{"line":90,"column":31},"end":{"line":94,"column":4}},"line":90},"21":{"name":"(anonymous_21)","decl":{"start":{"line":104,"column":39},"end":{"line":104,"column":40}},"loc":{"start":{"line":104,"column":50},"end":{"line":106,"column":3}},"line":104},"22":{"name":"(anonymous_22)","decl":{"start":{"line":108,"column":42},"end":{"line":108,"column":43}},"loc":{"start":{"line":108,"column":53},"end":{"line":115,"column":3}},"line":108},"23":{"name":"(anonymous_23)","decl":{"start":{"line":117,"column":47},"end":{"line":117,"column":48}},"loc":{"start":{"line":117,"column":58},"end":{"line":119,"column":3}},"line":117},"24":{"name":"(anonymous_24)","decl":{"start":{"line":121,"column":9},"end":{"line":121,"column":10}},"loc":{"start":{"line":121,"column":20},"end":{"line":123,"column":3}},"line":121},"25":{"name":"(anonymous_25)","decl":{"start":{"line":126,"column":55},"end":{"line":126,"column":56}},"loc":{"start":{"line":126,"column":66},"end":{"line":168,"column":2}},"line":126},"26":{"name":"(anonymous_26)","decl":{"start":{"line":131,"column":10},"end":{"line":131,"column":11}},"loc":{"start":{"line":131,"column":27},"end":{"line":145,"column":3}},"line":131},"27":{"name":"(anonymous_27)","decl":{"start":{"line":132,"column":14},"end":{"line":132,"column":15}},"loc":{"start":{"line":132,"column":31},"end":{"line":136,"column":4}},"line":132},"28":{"name":"(anonymous_28)","decl":{"start":{"line":147,"column":39},"end":{"line":147,"column":40}},"loc":{"start":{"line":147,"column":50},"end":{"line":149,"column":3}},"line":147},"29":{"name":"(anonymous_29)","decl":{"start":{"line":151,"column":42},"end":{"line":151,"column":43}},"loc":{"start":{"line":151,"column":53},"end":{"line":159,"column":3}},"line":151},"30":{"name":"(anonymous_30)","decl":{"start":{"line":161,"column":47},"end":{"line":161,"column":48}},"loc":{"start":{"line":161,"column":58},"end":{"line":163,"column":3}},"line":161},"31":{"name":"(anonymous_31)","decl":{"start":{"line":165,"column":9},"end":{"line":165,"column":10}},"loc":{"start":{"line":165,"column":20},"end":{"line":167,"column":3}},"line":165},"32":{"name":"(anonymous_32)","decl":{"start":{"line":170,"column":47},"end":{"line":170,"column":48}},"loc":{"start":{"line":170,"column":58},"end":{"line":220,"column":2}},"line":170},"33":{"name":"(anonymous_33)","decl":{"start":{"line":175,"column":10},"end":{"line":175,"column":11}},"loc":{"start":{"line":175,"column":27},"end":{"line":194,"column":3}},"line":175},"34":{"name":"(anonymous_34)","decl":{"start":{"line":176,"column":14},"end":{"line":176,"column":15}},"loc":{"start":{"line":176,"column":31},"end":{"line":180,"column":4}},"line":176},"35":{"name":"(anonymous_35)","decl":{"start":{"line":182,"column":22},"end":{"line":182,"column":23}},"loc":{"start":{"line":182,"column":33},"end":{"line":184,"column":4}},"line":182},"36":{"name":"(anonymous_36)","decl":{"start":{"line":196,"column":35},"end":{"line":196,"column":36}},"loc":{"start":{"line":196,"column":46},"end":{"line":199,"column":3}},"line":196},"37":{"name":"(anonymous_37)","decl":{"start":{"line":201,"column":32},"end":{"line":201,"column":33}},"loc":{"start":{"line":201,"column":43},"end":{"line":203,"column":3}},"line":201},"38":{"name":"(anonymous_38)","decl":{"start":{"line":205,"column":40},"end":{"line":205,"column":41}},"loc":{"start":{"line":205,"column":51},"end":{"line":207,"column":3}},"line":205},"39":{"name":"(anonymous_39)","decl":{"start":{"line":209,"column":44},"end":{"line":209,"column":45}},"loc":{"start":{"line":209,"column":55},"end":{"line":211,"column":3}},"line":209},"40":{"name":"(anonymous_40)","decl":{"start":{"line":213,"column":47},"end":{"line":213,"column":48}},"loc":{"start":{"line":213,"column":58},"end":{"line":215,"column":3}},"line":213},"41":{"name":"(anonymous_41)","decl":{"start":{"line":217,"column":9},"end":{"line":217,"column":10}},"loc":{"start":{"line":217,"column":20},"end":{"line":219,"column":3}},"line":217},"42":{"name":"(anonymous_42)","decl":{"start":{"line":222,"column":48},"end":{"line":222,"column":49}},"loc":{"start":{"line":222,"column":59},"end":{"line":272,"column":2}},"line":222},"43":{"name":"(anonymous_43)","decl":{"start":{"line":227,"column":10},"end":{"line":227,"column":11}},"loc":{"start":{"line":227,"column":27},"end":{"line":246,"column":3}},"line":227},"44":{"name":"(anonymous_44)","decl":{"start":{"line":228,"column":14},"end":{"line":228,"column":15}},"loc":{"start":{"line":228,"column":31},"end":{"line":232,"column":4}},"line":228},"45":{"name":"(anonymous_45)","decl":{"start":{"line":234,"column":22},"end":{"line":234,"column":23}},"loc":{"start":{"line":234,"column":33},"end":{"line":236,"column":4}},"line":234},"46":{"name":"(anonymous_46)","decl":{"start":{"line":248,"column":36},"end":{"line":248,"column":37}},"loc":{"start":{"line":248,"column":47},"end":{"line":251,"column":3}},"line":248},"47":{"name":"(anonymous_47)","decl":{"start":{"line":253,"column":32},"end":{"line":253,"column":33}},"loc":{"start":{"line":253,"column":43},"end":{"line":255,"column":3}},"line":253},"48":{"name":"(anonymous_48)","decl":{"start":{"line":257,"column":41},"end":{"line":257,"column":42}},"loc":{"start":{"line":257,"column":52},"end":{"line":259,"column":3}},"line":257},"49":{"name":"(anonymous_49)","decl":{"start":{"line":261,"column":45},"end":{"line":261,"column":46}},"loc":{"start":{"line":261,"column":56},"end":{"line":263,"column":3}},"line":261},"50":{"name":"(anonymous_50)","decl":{"start":{"line":265,"column":47},"end":{"line":265,"column":48}},"loc":{"start":{"line":265,"column":58},"end":{"line":267,"column":3}},"line":265},"51":{"name":"(anonymous_51)","decl":{"start":{"line":269,"column":9},"end":{"line":269,"column":10}},"loc":{"start":{"line":269,"column":20},"end":{"line":271,"column":3}},"line":269},"52":{"name":"(anonymous_52)","decl":{"start":{"line":274,"column":50},"end":{"line":274,"column":51}},"loc":{"start":{"line":274,"column":61},"end":{"line":324,"column":2}},"line":274},"53":{"name":"(anonymous_53)","decl":{"start":{"line":279,"column":10},"end":{"line":279,"column":11}},"loc":{"start":{"line":279,"column":27},"end":{"line":298,"column":3}},"line":279},"54":{"name":"(anonymous_54)","decl":{"start":{"line":280,"column":14},"end":{"line":280,"column":15}},"loc":{"start":{"line":280,"column":31},"end":{"line":284,"column":4}},"line":280},"55":{"name":"(anonymous_55)","decl":{"start":{"line":286,"column":22},"end":{"line":286,"column":23}},"loc":{"start":{"line":286,"column":33},"end":{"line":288,"column":4}},"line":286},"56":{"name":"(anonymous_56)","decl":{"start":{"line":300,"column":38},"end":{"line":300,"column":39}},"loc":{"start":{"line":300,"column":49},"end":{"line":303,"column":3}},"line":300},"57":{"name":"(anonymous_57)","decl":{"start":{"line":305,"column":32},"end":{"line":305,"column":33}},"loc":{"start":{"line":305,"column":43},"end":{"line":307,"column":3}},"line":305},"58":{"name":"(anonymous_58)","decl":{"start":{"line":309,"column":43},"end":{"line":309,"column":44}},"loc":{"start":{"line":309,"column":54},"end":{"line":311,"column":3}},"line":309},"59":{"name":"(anonymous_59)","decl":{"start":{"line":313,"column":47},"end":{"line":313,"column":48}},"loc":{"start":{"line":313,"column":58},"end":{"line":315,"column":3}},"line":313},"60":{"name":"(anonymous_60)","decl":{"start":{"line":317,"column":47},"end":{"line":317,"column":48}},"loc":{"start":{"line":317,"column":58},"end":{"line":319,"column":3}},"line":317},"61":{"name":"(anonymous_61)","decl":{"start":{"line":321,"column":9},"end":{"line":321,"column":10}},"loc":{"start":{"line":321,"column":20},"end":{"line":323,"column":3}},"line":321},"62":{"name":"(anonymous_62)","decl":{"start":{"line":326,"column":62},"end":{"line":326,"column":63}},"loc":{"start":{"line":326,"column":73},"end":{"line":411,"column":2}},"line":326},"63":{"name":"(anonymous_63)","decl":{"start":{"line":332,"column":10},"end":{"line":332,"column":11}},"loc":{"start":{"line":332,"column":27},"end":{"line":365,"column":3}},"line":332},"64":{"name":"(anonymous_64)","decl":{"start":{"line":333,"column":14},"end":{"line":333,"column":15}},"loc":{"start":{"line":333,"column":31},"end":{"line":337,"column":4}},"line":333},"65":{"name":"(anonymous_65)","decl":{"start":{"line":339,"column":22},"end":{"line":339,"column":23}},"loc":{"start":{"line":339,"column":33},"end":{"line":341,"column":4}},"line":339},"66":{"name":"(anonymous_66)","decl":{"start":{"line":367,"column":76},"end":{"line":367,"column":77}},"loc":{"start":{"line":367,"column":87},"end":{"line":374,"column":3}},"line":367},"67":{"name":"(anonymous_67)","decl":{"start":{"line":376,"column":32},"end":{"line":376,"column":33}},"loc":{"start":{"line":376,"column":43},"end":{"line":378,"column":3}},"line":376},"68":{"name":"(anonymous_68)","decl":{"start":{"line":380,"column":46},"end":{"line":380,"column":47}},"loc":{"start":{"line":380,"column":57},"end":{"line":382,"column":3}},"line":380},"69":{"name":"(anonymous_69)","decl":{"start":{"line":384,"column":48},"end":{"line":384,"column":49}},"loc":{"start":{"line":384,"column":59},"end":{"line":386,"column":3}},"line":384},"70":{"name":"(anonymous_70)","decl":{"start":{"line":388,"column":52},"end":{"line":388,"column":53}},"loc":{"start":{"line":388,"column":63},"end":{"line":390,"column":3}},"line":388},"71":{"name":"(anonymous_71)","decl":{"start":{"line":392,"column":44},"end":{"line":392,"column":45}},"loc":{"start":{"line":392,"column":55},"end":{"line":394,"column":3}},"line":392},"72":{"name":"(anonymous_72)","decl":{"start":{"line":396,"column":45},"end":{"line":396,"column":46}},"loc":{"start":{"line":396,"column":56},"end":{"line":398,"column":3}},"line":396},"73":{"name":"(anonymous_73)","decl":{"start":{"line":400,"column":47},"end":{"line":400,"column":48}},"loc":{"start":{"line":400,"column":58},"end":{"line":402,"column":3}},"line":400},"74":{"name":"(anonymous_74)","decl":{"start":{"line":404,"column":47},"end":{"line":404,"column":48}},"loc":{"start":{"line":404,"column":58},"end":{"line":406,"column":3}},"line":404},"75":{"name":"(anonymous_75)","decl":{"start":{"line":408,"column":9},"end":{"line":408,"column":10}},"loc":{"start":{"line":408,"column":20},"end":{"line":410,"column":3}},"line":408}},"branchMap":{},"s":{"0":1,"1":1,"2":1,"3":1,"4":1,"5":1,"6":1,"7":1,"8":1,"9":1,"10":1,"11":1,"12":4,"13":4,"14":1,"15":1,"16":1,"17":1,"18":1,"19":1,"20":1,"21":1,"22":1,"23":1,"24":1,"25":1,"26":1,"27":1,"28":1,"29":1,"30":1,"31":1,"32":1,"33":1,"34":1,"35":1,"36":1,"37":1,"38":1,"39":1,"40":1,"41":1,"42":1,"43":1,"44":1,"45":1,"46":1,"47":1,"48":1,"49":1,"50":1,"51":1,"52":1,"53":1,"54":1,"55":1,"56":1,"57":1,"58":1,"59":1,"60":1,"61":1,"62":1,"63":1,"64":1,"65":1,"66":1,"67":1,"68":1,"69":1,"70":1,"71":1,"72":1,"73":1,"74":1,"75":1,"76":1,"77":1,"78":1,"79":1,"80":1,"81":1,"82":1,"83":1,"84":1,"85":1,"86":1,"87":1,"88":1,"89":1,"90":1,"91":1,"92":1,"93":1,"94":1,"95":1,"96":1,"97":1,"98":1,"99":1,"100":1,"101":1,"102":1,"103":1,"104":1,"105":1,"106":1,"107":1,"108":1,"109":1,"110":1,"111":1,"112":1,"113":1,"114":1,"115":1,"116":1,"117":1,"118":1,"119":1,"120":1,"121":1,"122":1,"123":1,"124":1,"125":1,"126":1,"127":1,"128":1,"129":1,"130":1,"131":1,"132":1,"133":1,"134":1,"135":1,"136":1,"137":1,"138":1,"139":1,"140":1,"141":1,"142":1,"143":1,"144":1,"145":1,"146":1,"147":1,"148":1,"149":1,"150":1,"151":1,"152":1,"153":1,"154":1,"155":1,"156":1,"157":1,"158":1,"159":1,"160":1,"161":1,"162":1,"163":1,"164":1,"165":1,"166":1,"167":1,"168":1,"169":1,"170":1,"171":1,"172":1,"173":1,"174":1,"175":1,"176":1,"177":1,"178":1,"179":1,"180":1,"181":1,"182":1,"183":1,"184":1,"185":3,"186":3,"187":3,"188":1,"189":1,"190":1,"191":1,"192":1,"193":1,"194":1,"195":1,"196":1,"197":1,"198":1,"199":1,"200":1,"201":1,"202":1,"203":1,"204":1,"205":1,"206":1,"207":1,"208":1,"209":1,"210":1,"211":1,"212":1,"213":1,"214":1,"215":1,"216":1,"217":1,"218":1,"219":1,"220":1,"221":1,"222":1,"223":1},"f":{"0":0,"1":1,"2":1,"3":1,"4":4,"5":4,"6":1,"7":1,"8":1,"9":1,"10":1,"11":1,"12":1,"13":1,"14":1,"15":1,"16":1,"17":1,"18":1,"19":1,"20":1,"21":1,"22":1,"23":1,"24":1,"25":1,"26":1,"27":1,"28":1,"29":1,"30":1,"31":1,"32":1,"33":1,"34":1,"35":1,"36":1,"37":1,"38":1,"39":1,"40":1,"41":1,"42":1,"43":1,"44":1,"45":1,"46":1,"47":1,"48":1,"49":1,"50":1,"51":1,"52":1,"53":1,"54":1,"55":1,"56":1,"57":1,"58":1,"59":1,"60":1,"61":1,"62":1,"63":1,"64":3,"65":1,"66":1,"67":1,"68":1,"69":1,"70":1,"71":1,"72":1,"73":1,"74":1,"75":1},"b":{},"_coverageSchema":"332fd63041d2c1bcb487cc26dd0d5f7d97098a6c","hash":"5372627454da18f746e9ff81755127546d8bbddf","contentHash":"7f8d4b90e0cdcbdec9c14dc152f30191_10.3.2"},"/git/node/rabbot/spec/setup.js":{"path":"/git/node/rabbot/spec/setup.js","statementMap":{"0":{"start":{"line":1,"column":11},"end":{"line":1,"column":28}},"1":{"start":{"line":2,"column":0},"end":{"line":2,"column":42}},"2":{"start":{"line":3,"column":0},"end":{"line":3,"column":30}},"3":{"start":{"line":4,"column":0},"end":{"line":4,"column":28}},"4":{"start":{"line":5,"column":0},"end":{"line":5,"column":34}},"5":{"start":{"line":6,"column":0},"end":{"line":6,"column":31}},"6":{"start":{"line":7,"column":0},"end":{"line":7,"column":30}},"7":{"start":{"line":9,"column":0},"end":{"line":77,"column":2}},"8":{"start":{"line":10,"column":17},"end":{"line":10,"column":19}},"9":{"start":{"line":11,"column":17},"end":{"line":11,"column":19}},"10":{"start":{"line":12,"column":20},"end":{"line":12,"column":22}},"11":{"start":{"line":13,"column":19},"end":{"line":13,"column":21}},"12":{"start":{"line":14,"column":2},"end":{"line":14,"column":27}},"13":{"start":{"line":15,"column":16},"end":{"line":19,"column":3}},"14":{"start":{"line":16,"column":4},"end":{"line":18,"column":5}},"15":{"start":{"line":17,"column":6},"end":{"line":17,"column":11}},"16":{"start":{"line":22,"column":4},"end":{"line":22,"column":18}},"17":{"start":{"line":26,"column":4},"end":{"line":30,"column":6}},"18":{"start":{"line":27,"column":6},"end":{"line":27,"column":24}},"19":{"start":{"line":28,"column":6},"end":{"line":28,"column":31}},"20":{"start":{"line":29,"column":6},"end":{"line":29,"column":14}},"21":{"start":{"line":34,"column":4},"end":{"line":40,"column":5}},"22":{"start":{"line":35,"column":22},"end":{"line":35,"column":26}},"23":{"start":{"line":36,"column":6},"end":{"line":36,"column":65}},"24":{"start":{"line":37,"column":6},"end":{"line":37,"column":48}},"25":{"start":{"line":39,"column":6},"end":{"line":39,"column":89}},"26":{"start":{"line":44,"column":4},"end":{"line":46,"column":8}},"27":{"start":{"line":45,"column":6},"end":{"line":45,"column":22}},"28":{"start":{"line":47,"column":4},"end":{"line":47,"column":18}},"29":{"start":{"line":48,"column":4},"end":{"line":48,"column":18}},"30":{"start":{"line":49,"column":4},"end":{"line":51,"column":5}},"31":{"start":{"line":50,"column":6},"end":{"line":50,"column":50}},"32":{"start":{"line":54,"column":2},"end":{"line":58,"column":6}},"33":{"start":{"line":55,"column":4},"end":{"line":55,"column":30}},"34":{"start":{"line":56,"column":4},"end":{"line":56,"column":18}},"35":{"start":{"line":57,"column":4},"end":{"line":57,"column":12}},"36":{"start":{"line":60,"column":2},"end":{"line":63,"column":6}},"37":{"start":{"line":61,"column":4},"end":{"line":61,"column":29}},"38":{"start":{"line":62,"column":4},"end":{"line":62,"column":12}},"39":{"start":{"line":65,"column":2},"end":{"line":76,"column":4}},"40":{"start":{"line":67,"column":6},"end":{"line":67,"column":27}},"41":{"start":{"line":68,"column":6},"end":{"line":68,"column":14}},"42":{"start":{"line":79,"column":0},"end":{"line":90,"column":1}},"43":{"start":{"line":80,"column":2},"end":{"line":88,"column":6}},"44":{"start":{"line":81,"column":4},"end":{"line":87,"column":5}},"45":{"start":{"line":82,"column":6},"end":{"line":82,"column":16}},"46":{"start":{"line":83,"column":11},"end":{"line":87,"column":5}},"47":{"start":{"line":84,"column":6},"end":{"line":84,"column":15}},"48":{"start":{"line":86,"column":6},"end":{"line":86,"column":15}},"49":{"start":{"line":89,"column":2},"end":{"line":89,"column":14}}},"fnMap":{"0":{"name":"(anonymous_0)","decl":{"start":{"line":9,"column":24},"end":{"line":9,"column":25}},"loc":{"start":{"line":9,"column":57},"end":{"line":77,"column":1}},"line":9},"1":{"name":"(anonymous_1)","decl":{"start":{"line":15,"column":16},"end":{"line":15,"column":17}},"loc":{"start":{"line":15,"column":22},"end":{"line":19,"column":3}},"line":15},"2":{"name":"defaultHandle","decl":{"start":{"line":21,"column":11},"end":{"line":21,"column":24}},"loc":{"start":{"line":21,"column":36},"end":{"line":23,"column":3}},"line":21},"3":{"name":"wrap","decl":{"start":{"line":25,"column":11},"end":{"line":25,"column":15}},"loc":{"start":{"line":25,"column":26},"end":{"line":31,"column":3}},"line":25},"4":{"name":"(anonymous_4)","decl":{"start":{"line":26,"column":11},"end":{"line":26,"column":12}},"loc":{"start":{"line":26,"column":26},"end":{"line":30,"column":5}},"line":26},"5":{"name":"handleFn","decl":{"start":{"line":33,"column":11},"end":{"line":33,"column":19}},"loc":{"start":{"line":33,"column":47},"end":{"line":41,"column":3}},"line":33},"6":{"name":"clean","decl":{"start":{"line":43,"column":11},"end":{"line":43,"column":16}},"loc":{"start":{"line":43,"column":35},"end":{"line":52,"column":3}},"line":43},"7":{"name":"(anonymous_7)","decl":{"start":{"line":44,"column":22},"end":{"line":44,"column":23}},"loc":{"start":{"line":44,"column":36},"end":{"line":46,"column":5}},"line":44},"8":{"name":"(anonymous_8)","decl":{"start":{"line":54,"column":22},"end":{"line":54,"column":23}},"loc":{"start":{"line":54,"column":37},"end":{"line":58,"column":3}},"line":54},"9":{"name":"(anonymous_9)","decl":{"start":{"line":60,"column":21},"end":{"line":60,"column":22}},"loc":{"start":{"line":60,"column":36},"end":{"line":63,"column":3}},"line":60},"10":{"name":"(anonymous_10)","decl":{"start":{"line":66,"column":9},"end":{"line":66,"column":10}},"loc":{"start":{"line":66,"column":20},"end":{"line":69,"column":5}},"line":66},"11":{"name":"(anonymous_11)","decl":{"start":{"line":79,"column":16},"end":{"line":79,"column":17}},"loc":{"start":{"line":79,"column":40},"end":{"line":90,"column":1}},"line":79},"12":{"name":"(anonymous_12)","decl":{"start":{"line":80,"column":13},"end":{"line":80,"column":14}},"loc":{"start":{"line":80,"column":25},"end":{"line":88,"column":3}},"line":80}},"branchMap":{"0":{"loc":{"start":{"line":14,"column":13},"end":{"line":14,"column":26}},"type":"binary-expr","locations":[{"start":{"line":14,"column":13},"end":{"line":14,"column":21}},{"start":{"line":14,"column":25},"end":{"line":14,"column":26}}],"line":14},"1":{"loc":{"start":{"line":16,"column":4},"end":{"line":18,"column":5}},"type":"if","locations":[{"start":{"line":16,"column":4},"end":{"line":18,"column":5}},{"start":{"line":16,"column":4},"end":{"line":18,"column":5}}],"line":16},"2":{"loc":{"start":{"line":34,"column":4},"end":{"line":40,"column":5}},"type":"if","locations":[{"start":{"line":34,"column":4},"end":{"line":40,"column":5}},{"start":{"line":34,"column":4},"end":{"line":40,"column":5}}],"line":34},"3":{"loc":{"start":{"line":36,"column":30},"end":{"line":36,"column":62}},"type":"binary-expr","locations":[{"start":{"line":36,"column":30},"end":{"line":36,"column":45}},{"start":{"line":36,"column":49},"end":{"line":36,"column":62}}],"line":36},"4":{"loc":{"start":{"line":39,"column":48},"end":{"line":39,"column":71}},"type":"binary-expr","locations":[{"start":{"line":39,"column":48},"end":{"line":39,"column":54}},{"start":{"line":39,"column":58},"end":{"line":39,"column":71}}],"line":39},"5":{"loc":{"start":{"line":49,"column":4},"end":{"line":51,"column":5}},"type":"if","locations":[{"start":{"line":49,"column":4},"end":{"line":51,"column":5}},{"start":{"line":49,"column":4},"end":{"line":51,"column":5}}],"line":49},"6":{"loc":{"start":{"line":81,"column":4},"end":{"line":87,"column":5}},"type":"if","locations":[{"start":{"line":81,"column":4},"end":{"line":87,"column":5}},{"start":{"line":81,"column":4},"end":{"line":87,"column":5}}],"line":81},"7":{"loc":{"start":{"line":83,"column":11},"end":{"line":87,"column":5}},"type":"if","locations":[{"start":{"line":83,"column":11},"end":{"line":87,"column":5}},{"start":{"line":83,"column":11},"end":{"line":87,"column":5}}],"line":83}},"s":{"0":1,"1":1,"2":1,"3":1,"4":1,"5":1,"6":1,"7":1,"8":17,"9":17,"10":17,"11":17,"12":17,"13":17,"14":1062,"15":16,"16":1035,"17":16,"18":1048,"19":1048,"20":1048,"21":16,"22":1,"23":1,"24":1,"25":15,"26":18,"27":17,"28":18,"29":18,"30":18,"31":17,"32":17,"33":8,"34":8,"35":8,"36":17,"37":2,"38":2,"39":17,"40":4,"41":4,"42":1,"43":11,"44":38,"45":14,"46":24,"47":22,"48":2,"49":11},"f":{"0":17,"1":1062,"2":1035,"3":16,"4":1048,"5":16,"6":18,"7":17,"8":8,"9":2,"10":4,"11":11,"12":38},"b":{"0":[17,1],"1":[16,1046],"2":[1,15],"3":[1,1],"4":[15,11],"5":[17,1],"6":[14,24],"7":[22,2]},"_coverageSchema":"332fd63041d2c1bcb487cc26dd0d5f7d97098a6c","hash":"f4a3806f2af0e9554e4b634cc2efd3ed6cda227f","contentHash":"a09ef9b6e39f2c36fc33e8242759582b_10.3.2"},"/git/node/rabbot/src/ackBatch.js":{"path":"/git/node/rabbot/src/ackBatch.js","statementMap":{"0":{"start":{"line":1,"column":10},"end":{"line":1,"column":29}},"1":{"start":{"line":2,"column":15},"end":{"line":2,"column":34}},"2":{"start":{"line":3,"column":18},"end":{"line":3,"column":43}},"3":{"start":{"line":4,"column":15},"end":{"line":4,"column":45}},"4":{"start":{"line":5,"column":12},"end":{"line":5,"column":53}},"5":{"start":{"line":19,"column":14},"end":{"line":23,"column":1}},"6":{"start":{"line":25,"column":17},"end":{"line":30,"column":1}},"7":{"start":{"line":26,"column":2},"end":{"line":26,"column":19}},"8":{"start":{"line":27,"column":2},"end":{"line":27,"column":39}},"9":{"start":{"line":28,"column":2},"end":{"line":28,"column":27}},"10":{"start":{"line":29,"column":2},"end":{"line":29,"column":15}},"11":{"start":{"line":32,"column":0},"end":{"line":35,"column":2}},"12":{"start":{"line":33,"column":2},"end":{"line":33,"column":21}},"13":{"start":{"line":34,"column":2},"end":{"line":34,"column":44}},"14":{"start":{"line":37,"column":0},"end":{"line":62,"column":2}},"15":{"start":{"line":39,"column":23},"end":{"line":39,"column":41}},"16":{"start":{"line":40,"column":2},"end":{"line":42,"column":3}},"17":{"start":{"line":41,"column":4},"end":{"line":41,"column":11}},"18":{"start":{"line":43,"column":22},"end":{"line":43,"column":41}},"19":{"start":{"line":44,"column":20},"end":{"line":44,"column":36}},"20":{"start":{"line":45,"column":15},"end":{"line":45,"column":35}},"21":{"start":{"line":46,"column":2},"end":{"line":58,"column":3}},"22":{"start":{"line":47,"column":4},"end":{"line":47,"column":11}},"23":{"start":{"line":49,"column":4},"end":{"line":54,"column":5}},"24":{"start":{"line":50,"column":6},"end":{"line":52,"column":7}},"25":{"start":{"line":51,"column":8},"end":{"line":51,"column":14}},"26":{"start":{"line":53,"column":6},"end":{"line":53,"column":43}},"27":{"start":{"line":55,"column":4},"end":{"line":57,"column":5}},"28":{"start":{"line":56,"column":6},"end":{"line":56,"column":40}},"29":{"start":{"line":64,"column":0},"end":{"line":66,"column":2}},"30":{"start":{"line":65,"column":2},"end":{"line":65,"column":53}},"31":{"start":{"line":68,"column":0},"end":{"line":70,"column":2}},"32":{"start":{"line":69,"column":2},"end":{"line":69,"column":57}},"33":{"start":{"line":72,"column":0},"end":{"line":75,"column":2}},"34":{"start":{"line":73,"column":2},"end":{"line":73,"column":22}},"35":{"start":{"line":74,"column":2},"end":{"line":74,"column":45}},"36":{"start":{"line":77,"column":0},"end":{"line":80,"column":2}},"37":{"start":{"line":78,"column":2},"end":{"line":78,"column":24}},"38":{"start":{"line":79,"column":2},"end":{"line":79,"column":47}},"39":{"start":{"line":82,"column":0},"end":{"line":113,"column":2}},"40":{"start":{"line":83,"column":2},"end":{"line":83,"column":64}},"41":{"start":{"line":84,"column":2},"end":{"line":112,"column":3}},"42":{"start":{"line":85,"column":4},"end":{"line":85,"column":23}},"43":{"start":{"line":86,"column":25},"end":{"line":86,"column":81}},"44":{"start":{"line":87,"column":19},"end":{"line":87,"column":32}},"45":{"start":{"line":88,"column":20},"end":{"line":88,"column":34}},"46":{"start":{"line":89,"column":22},"end":{"line":89,"column":38}},"47":{"start":{"line":91,"column":4},"end":{"line":111,"column":5}},"48":{"start":{"line":92,"column":6},"end":{"line":92,"column":55}},"49":{"start":{"line":95,"column":9},"end":{"line":111,"column":5}},"50":{"start":{"line":96,"column":6},"end":{"line":96,"column":58}},"51":{"start":{"line":99,"column":9},"end":{"line":111,"column":5}},"52":{"start":{"line":100,"column":6},"end":{"line":100,"column":64}},"53":{"start":{"line":103,"column":9},"end":{"line":111,"column":5}},"54":{"start":{"line":104,"column":6},"end":{"line":104,"column":32}},"55":{"start":{"line":105,"column":6},"end":{"line":105,"column":26}},"56":{"start":{"line":109,"column":6},"end":{"line":109,"column":33}},"57":{"start":{"line":110,"column":6},"end":{"line":110,"column":26}},"58":{"start":{"line":115,"column":0},"end":{"line":151,"column":2}},"59":{"start":{"line":116,"column":16},"end":{"line":116,"column":36}},"60":{"start":{"line":117,"column":20},"end":{"line":122,"column":16}},"61":{"start":{"line":119,"column":4},"end":{"line":121,"column":25}},"62":{"start":{"line":120,"column":6},"end":{"line":120,"column":27}},"63":{"start":{"line":123,"column":2},"end":{"line":150,"column":3}},"64":{"start":{"line":124,"column":20},"end":{"line":124,"column":52}},"65":{"start":{"line":125,"column":4},"end":{"line":130,"column":28}},"66":{"start":{"line":131,"column":4},"end":{"line":149,"column":23}},"67":{"start":{"line":133,"column":8},"end":{"line":133,"column":31}},"68":{"start":{"line":134,"column":8},"end":{"line":134,"column":39}},"69":{"start":{"line":135,"column":8},"end":{"line":135,"column":34}},"70":{"start":{"line":136,"column":8},"end":{"line":147,"column":9}},"71":{"start":{"line":137,"column":10},"end":{"line":137,"column":100}},"72":{"start":{"line":146,"column":10},"end":{"line":146,"column":22}},"73":{"start":{"line":148,"column":8},"end":{"line":148,"column":28}},"74":{"start":{"line":153,"column":0},"end":{"line":171,"column":2}},"75":{"start":{"line":154,"column":18},"end":{"line":154,"column":44}},"76":{"start":{"line":155,"column":18},"end":{"line":155,"column":46}},"77":{"start":{"line":156,"column":19},"end":{"line":156,"column":48}},"78":{"start":{"line":157,"column":21},"end":{"line":157,"column":52}},"79":{"start":{"line":158,"column":2},"end":{"line":158,"column":52}},"80":{"start":{"line":159,"column":2},"end":{"line":159,"column":55}},"81":{"start":{"line":160,"column":2},"end":{"line":160,"column":61}},"82":{"start":{"line":161,"column":2},"end":{"line":169,"column":28}},"83":{"start":{"line":170,"column":2},"end":{"line":170,"column":65}},"84":{"start":{"line":173,"column":0},"end":{"line":177,"column":2}},"85":{"start":{"line":174,"column":2},"end":{"line":176,"column":6}},"86":{"start":{"line":175,"column":4},"end":{"line":175,"column":37}},"87":{"start":{"line":179,"column":0},"end":{"line":183,"column":2}},"88":{"start":{"line":180,"column":2},"end":{"line":182,"column":6}},"89":{"start":{"line":181,"column":4},"end":{"line":181,"column":30}},"90":{"start":{"line":185,"column":0},"end":{"line":190,"column":2}},"91":{"start":{"line":186,"column":2},"end":{"line":186,"column":23}},"92":{"start":{"line":187,"column":17},"end":{"line":187,"column":24}},"93":{"start":{"line":188,"column":2},"end":{"line":188,"column":31}},"94":{"start":{"line":189,"column":2},"end":{"line":189,"column":97}},"95":{"start":{"line":192,"column":0},"end":{"line":194,"column":2}},"96":{"start":{"line":193,"column":2},"end":{"line":193,"column":19}},"97":{"start":{"line":196,"column":0},"end":{"line":198,"column":2}},"98":{"start":{"line":197,"column":2},"end":{"line":197,"column":41}},"99":{"start":{"line":203,"column":4},"end":{"line":203,"column":19}},"100":{"start":{"line":204,"column":4},"end":{"line":204,"column":28}},"101":{"start":{"line":205,"column":4},"end":{"line":205,"column":23}},"102":{"start":{"line":209,"column":4},"end":{"line":209,"column":24}},"103":{"start":{"line":210,"column":4},"end":{"line":210,"column":58}},"104":{"start":{"line":211,"column":4},"end":{"line":211,"column":126}},"105":{"start":{"line":215,"column":4},"end":{"line":215,"column":25}},"106":{"start":{"line":216,"column":4},"end":{"line":216,"column":60}},"107":{"start":{"line":217,"column":4},"end":{"line":217,"column":126}},"108":{"start":{"line":221,"column":4},"end":{"line":221,"column":27}},"109":{"start":{"line":222,"column":4},"end":{"line":222,"column":64}},"110":{"start":{"line":223,"column":4},"end":{"line":223,"column":126}},"111":{"start":{"line":227,"column":0},"end":{"line":231,"column":2}},"112":{"start":{"line":228,"column":2},"end":{"line":230,"column":3}},"113":{"start":{"line":229,"column":4},"end":{"line":229,"column":42}},"114":{"start":{"line":233,"column":0},"end":{"line":239,"column":2}},"115":{"start":{"line":234,"column":2},"end":{"line":238,"column":3}},"116":{"start":{"line":235,"column":4},"end":{"line":237,"column":21}},"117":{"start":{"line":236,"column":6},"end":{"line":236,"column":27}},"118":{"start":{"line":241,"column":0},"end":{"line":250,"column":2}},"119":{"start":{"line":242,"column":2},"end":{"line":242,"column":20}},"120":{"start":{"line":243,"column":2},"end":{"line":243,"column":21}},"121":{"start":{"line":244,"column":2},"end":{"line":244,"column":23}},"122":{"start":{"line":245,"column":2},"end":{"line":245,"column":28}},"123":{"start":{"line":246,"column":2},"end":{"line":246,"column":29}},"124":{"start":{"line":247,"column":2},"end":{"line":247,"column":31}},"125":{"start":{"line":248,"column":2},"end":{"line":248,"column":21}},"126":{"start":{"line":249,"column":2},"end":{"line":249,"column":25}},"127":{"start":{"line":252,"column":0},"end":{"line":252,"column":30}},"128":{"start":{"line":254,"column":0},"end":{"line":254,"column":26}}},"fnMap":{"0":{"name":"(anonymous_0)","decl":{"start":{"line":25,"column":17},"end":{"line":25,"column":18}},"loc":{"start":{"line":25,"column":60},"end":{"line":30,"column":1}},"line":25},"1":{"name":"(anonymous_1)","decl":{"start":{"line":32,"column":26},"end":{"line":32,"column":27}},"loc":{"start":{"line":32,"column":53},"end":{"line":35,"column":1}},"line":32},"2":{"name":"(anonymous_2)","decl":{"start":{"line":37,"column":40},"end":{"line":37,"column":41}},"loc":{"start":{"line":37,"column":51},"end":{"line":62,"column":1}},"line":37},"3":{"name":"(anonymous_3)","decl":{"start":{"line":64,"column":36},"end":{"line":64,"column":37}},"loc":{"start":{"line":64,"column":55},"end":{"line":66,"column":1}},"line":64},"4":{"name":"(anonymous_4)","decl":{"start":{"line":68,"column":35},"end":{"line":68,"column":36}},"loc":{"start":{"line":68,"column":54},"end":{"line":70,"column":1}},"line":68},"5":{"name":"(anonymous_5)","decl":{"start":{"line":72,"column":27},"end":{"line":72,"column":28}},"loc":{"start":{"line":72,"column":54},"end":{"line":75,"column":1}},"line":72},"6":{"name":"(anonymous_6)","decl":{"start":{"line":77,"column":29},"end":{"line":77,"column":30}},"loc":{"start":{"line":77,"column":56},"end":{"line":80,"column":1}},"line":77},"7":{"name":"(anonymous_7)","decl":{"start":{"line":82,"column":35},"end":{"line":82,"column":36}},"loc":{"start":{"line":82,"column":46},"end":{"line":113,"column":1}},"line":82},"8":{"name":"(anonymous_8)","decl":{"start":{"line":115,"column":33},"end":{"line":115,"column":34}},"loc":{"start":{"line":115,"column":65},"end":{"line":151,"column":1}},"line":115},"9":{"name":"(anonymous_9)","decl":{"start":{"line":117,"column":20},"end":{"line":117,"column":21}},"loc":{"start":{"line":117,"column":31},"end":{"line":122,"column":3}},"line":117},"10":{"name":"(anonymous_10)","decl":{"start":{"line":119,"column":16},"end":{"line":119,"column":17}},"loc":{"start":{"line":119,"column":27},"end":{"line":121,"column":5}},"line":119},"11":{"name":"(anonymous_11)","decl":{"start":{"line":132,"column":13},"end":{"line":132,"column":14}},"loc":{"start":{"line":132,"column":24},"end":{"line":149,"column":7}},"line":132},"12":{"name":"(anonymous_12)","decl":{"start":{"line":153,"column":33},"end":{"line":153,"column":34}},"loc":{"start":{"line":153,"column":71},"end":{"line":171,"column":1}},"line":153},"13":{"name":"(anonymous_13)","decl":{"start":{"line":173,"column":37},"end":{"line":173,"column":38}},"loc":{"start":{"line":173,"column":56},"end":{"line":177,"column":1}},"line":173},"14":{"name":"(anonymous_14)","decl":{"start":{"line":174,"column":34},"end":{"line":174,"column":35}},"loc":{"start":{"line":174,"column":54},"end":{"line":176,"column":3}},"line":174},"15":{"name":"(anonymous_15)","decl":{"start":{"line":179,"column":36},"end":{"line":179,"column":37}},"loc":{"start":{"line":179,"column":52},"end":{"line":183,"column":1}},"line":179},"16":{"name":"(anonymous_16)","decl":{"start":{"line":180,"column":34},"end":{"line":180,"column":35}},"loc":{"start":{"line":180,"column":54},"end":{"line":182,"column":3}},"line":180},"17":{"name":"(anonymous_17)","decl":{"start":{"line":185,"column":32},"end":{"line":185,"column":33}},"loc":{"start":{"line":185,"column":52},"end":{"line":190,"column":1}},"line":185},"18":{"name":"(anonymous_18)","decl":{"start":{"line":192,"column":32},"end":{"line":192,"column":33}},"loc":{"start":{"line":192,"column":49},"end":{"line":194,"column":1}},"line":192},"19":{"name":"(anonymous_19)","decl":{"start":{"line":196,"column":35},"end":{"line":196,"column":36}},"loc":{"start":{"line":196,"column":51},"end":{"line":198,"column":1}},"line":196},"20":{"name":"(anonymous_20)","decl":{"start":{"line":202,"column":2},"end":{"line":202,"column":3}},"loc":{"start":{"line":202,"column":28},"end":{"line":206,"column":3}},"line":202},"21":{"name":"(anonymous_21)","decl":{"start":{"line":208,"column":2},"end":{"line":208,"column":3}},"loc":{"start":{"line":208,"column":8},"end":{"line":212,"column":3}},"line":208},"22":{"name":"(anonymous_22)","decl":{"start":{"line":214,"column":2},"end":{"line":214,"column":3}},"loc":{"start":{"line":214,"column":9},"end":{"line":218,"column":3}},"line":214},"23":{"name":"(anonymous_23)","decl":{"start":{"line":220,"column":2},"end":{"line":220,"column":3}},"loc":{"start":{"line":220,"column":11},"end":{"line":224,"column":3}},"line":220},"24":{"name":"(anonymous_24)","decl":{"start":{"line":227,"column":34},"end":{"line":227,"column":35}},"loc":{"start":{"line":227,"column":45},"end":{"line":231,"column":1}},"line":227},"25":{"name":"(anonymous_25)","decl":{"start":{"line":233,"column":37},"end":{"line":233,"column":38}},"loc":{"start":{"line":233,"column":48},"end":{"line":239,"column":1}},"line":233},"26":{"name":"(anonymous_26)","decl":{"start":{"line":235,"column":53},"end":{"line":235,"column":54}},"loc":{"start":{"line":235,"column":64},"end":{"line":237,"column":5}},"line":235},"27":{"name":"(anonymous_27)","decl":{"start":{"line":241,"column":27},"end":{"line":241,"column":28}},"loc":{"start":{"line":241,"column":38},"end":{"line":250,"column":1}},"line":241}},"branchMap":{"0":{"loc":{"start":{"line":40,"column":2},"end":{"line":42,"column":3}},"type":"if","locations":[{"start":{"line":40,"column":2},"end":{"line":42,"column":3}},{"start":{"line":40,"column":2},"end":{"line":42,"column":3}}],"line":40},"1":{"loc":{"start":{"line":46,"column":2},"end":{"line":58,"column":3}},"type":"if","locations":[{"start":{"line":46,"column":2},"end":{"line":58,"column":3}},{"start":{"line":46,"column":2},"end":{"line":58,"column":3}}],"line":46},"2":{"loc":{"start":{"line":50,"column":6},"end":{"line":52,"column":7}},"type":"if","locations":[{"start":{"line":50,"column":6},"end":{"line":52,"column":7}},{"start":{"line":50,"column":6},"end":{"line":52,"column":7}}],"line":50},"3":{"loc":{"start":{"line":55,"column":4},"end":{"line":57,"column":5}},"type":"if","locations":[{"start":{"line":55,"column":4},"end":{"line":57,"column":5}},{"start":{"line":55,"column":4},"end":{"line":57,"column":5}}],"line":55},"4":{"loc":{"start":{"line":83,"column":16},"end":{"line":83,"column":63}},"type":"cond-expr","locations":[{"start":{"line":83,"column":44},"end":{"line":83,"column":55}},{"start":{"line":83,"column":58},"end":{"line":83,"column":63}}],"line":83},"5":{"loc":{"start":{"line":84,"column":2},"end":{"line":112,"column":3}},"type":"if","locations":[{"start":{"line":84,"column":2},"end":{"line":112,"column":3}},{"start":{"line":84,"column":2},"end":{"line":112,"column":3}}],"line":84},"6":{"loc":{"start":{"line":91,"column":4},"end":{"line":111,"column":5}},"type":"if","locations":[{"start":{"line":91,"column":4},"end":{"line":111,"column":5}},{"start":{"line":91,"column":4},"end":{"line":111,"column":5}}],"line":91},"7":{"loc":{"start":{"line":91,"column":9},"end":{"line":91,"column":56}},"type":"binary-expr","locations":[{"start":{"line":91,"column":9},"end":{"line":91,"column":20}},{"start":{"line":91,"column":24},"end":{"line":91,"column":32}},{"start":{"line":91,"column":36},"end":{"line":91,"column":42}},{"start":{"line":91,"column":46},"end":{"line":91,"column":56}}],"line":91},"8":{"loc":{"start":{"line":95,"column":9},"end":{"line":111,"column":5}},"type":"if","locations":[{"start":{"line":95,"column":9},"end":{"line":111,"column":5}},{"start":{"line":95,"column":9},"end":{"line":111,"column":5}}],"line":95},"9":{"loc":{"start":{"line":95,"column":14},"end":{"line":95,"column":61}},"type":"binary-expr","locations":[{"start":{"line":95,"column":14},"end":{"line":95,"column":25}},{"start":{"line":95,"column":29},"end":{"line":95,"column":36}},{"start":{"line":95,"column":40},"end":{"line":95,"column":47}},{"start":{"line":95,"column":51},"end":{"line":95,"column":61}}],"line":95},"10":{"loc":{"start":{"line":99,"column":9},"end":{"line":111,"column":5}},"type":"if","locations":[{"start":{"line":99,"column":9},"end":{"line":111,"column":5}},{"start":{"line":99,"column":9},"end":{"line":111,"column":5}}],"line":99},"11":{"loc":{"start":{"line":99,"column":14},"end":{"line":99,"column":61}},"type":"binary-expr","locations":[{"start":{"line":99,"column":14},"end":{"line":99,"column":25}},{"start":{"line":99,"column":29},"end":{"line":99,"column":37}},{"start":{"line":99,"column":41},"end":{"line":99,"column":48}},{"start":{"line":99,"column":52},"end":{"line":99,"column":61}}],"line":99},"12":{"loc":{"start":{"line":103,"column":9},"end":{"line":111,"column":5}},"type":"if","locations":[{"start":{"line":103,"column":9},"end":{"line":111,"column":5}},{"start":{"line":103,"column":9},"end":{"line":111,"column":5}}],"line":103},"13":{"loc":{"start":{"line":103,"column":14},"end":{"line":103,"column":44}},"type":"binary-expr","locations":[{"start":{"line":103,"column":14},"end":{"line":103,"column":21}},{"start":{"line":103,"column":25},"end":{"line":103,"column":31}},{"start":{"line":103,"column":35},"end":{"line":103,"column":44}}],"line":103},"14":{"loc":{"start":{"line":123,"column":2},"end":{"line":150,"column":3}},"type":"if","locations":[{"start":{"line":123,"column":2},"end":{"line":150,"column":3}},{"start":{"line":123,"column":2},"end":{"line":150,"column":3}}],"line":123},"15":{"loc":{"start":{"line":136,"column":8},"end":{"line":147,"column":9}},"type":"if","locations":[{"start":{"line":136,"column":8},"end":{"line":147,"column":9}},{"start":{"line":136,"column":8},"end":{"line":147,"column":9}}],"line":136},"16":{"loc":{"start":{"line":136,"column":13},"end":{"line":136,"column":52}},"type":"binary-expr","locations":[{"start":{"line":136,"column":13},"end":{"line":136,"column":22}},{"start":{"line":136,"column":26},"end":{"line":136,"column":52}}],"line":136},"17":{"loc":{"start":{"line":158,"column":18},"end":{"line":158,"column":51}},"type":"cond-expr","locations":[{"start":{"line":158,"column":28},"end":{"line":158,"column":39}},{"start":{"line":158,"column":42},"end":{"line":158,"column":51}}],"line":158},"18":{"loc":{"start":{"line":159,"column":19},"end":{"line":159,"column":54}},"type":"cond-expr","locations":[{"start":{"line":159,"column":30},"end":{"line":159,"column":42}},{"start":{"line":159,"column":45},"end":{"line":159,"column":54}}],"line":159},"19":{"loc":{"start":{"line":160,"column":21},"end":{"line":160,"column":60}},"type":"cond-expr","locations":[{"start":{"line":160,"column":34},"end":{"line":160,"column":48}},{"start":{"line":160,"column":51},"end":{"line":160,"column":60}}],"line":160},"20":{"loc":{"start":{"line":164,"column":4},"end":{"line":164,"column":42}},"type":"cond-expr","locations":[{"start":{"line":164,"column":16},"end":{"line":164,"column":27}},{"start":{"line":164,"column":30},"end":{"line":164,"column":42}}],"line":164},"21":{"loc":{"start":{"line":167,"column":4},"end":{"line":167,"column":22}},"type":"binary-expr","locations":[{"start":{"line":167,"column":4},"end":{"line":167,"column":17}},{"start":{"line":167,"column":21},"end":{"line":167,"column":22}}],"line":167},"22":{"loc":{"start":{"line":168,"column":4},"end":{"line":168,"column":23}},"type":"binary-expr","locations":[{"start":{"line":168,"column":4},"end":{"line":168,"column":18}},{"start":{"line":168,"column":22},"end":{"line":168,"column":23}}],"line":168},"23":{"loc":{"start":{"line":169,"column":4},"end":{"line":169,"column":25}},"type":"binary-expr","locations":[{"start":{"line":169,"column":4},"end":{"line":169,"column":20}},{"start":{"line":169,"column":24},"end":{"line":169,"column":25}}],"line":169},"24":{"loc":{"start":{"line":210,"column":26},"end":{"line":210,"column":57}},"type":"binary-expr","locations":[{"start":{"line":210,"column":26},"end":{"line":210,"column":45}},{"start":{"line":210,"column":49},"end":{"line":210,"column":57}}],"line":210},"25":{"loc":{"start":{"line":216,"column":27},"end":{"line":216,"column":59}},"type":"binary-expr","locations":[{"start":{"line":216,"column":27},"end":{"line":216,"column":47}},{"start":{"line":216,"column":51},"end":{"line":216,"column":59}}],"line":216},"26":{"loc":{"start":{"line":222,"column":29},"end":{"line":222,"column":63}},"type":"binary-expr","locations":[{"start":{"line":222,"column":29},"end":{"line":222,"column":51}},{"start":{"line":222,"column":55},"end":{"line":222,"column":63}}],"line":222},"27":{"loc":{"start":{"line":228,"column":2},"end":{"line":230,"column":3}},"type":"if","locations":[{"start":{"line":228,"column":2},"end":{"line":230,"column":3}},{"start":{"line":228,"column":2},"end":{"line":230,"column":3}}],"line":228},"28":{"loc":{"start":{"line":234,"column":2},"end":{"line":238,"column":3}},"type":"if","locations":[{"start":{"line":234,"column":2},"end":{"line":238,"column":3}},{"start":{"line":234,"column":2},"end":{"line":238,"column":3}}],"line":234}},"s":{"0":1,"1":1,"2":1,"3":1,"4":1,"5":1,"6":1,"7":52,"8":52,"9":52,"10":52,"11":1,"12":1,"13":1,"14":1,"15":2,"16":2,"17":0,"18":2,"19":2,"20":2,"21":2,"22":0,"23":2,"24":4,"25":2,"26":2,"27":2,"28":2,"29":1,"30":6,"31":1,"32":30,"33":1,"34":1,"35":1,"36":1,"37":0,"38":0,"39":1,"40":77,"41":77,"42":77,"43":77,"44":77,"45":77,"46":77,"47":77,"48":26,"49":51,"50":1,"51":50,"52":3,"53":47,"54":2,"55":2,"56":45,"57":45,"58":1,"59":30,"60":30,"61":30,"62":30,"63":30,"64":30,"65":30,"66":30,"67":30,"68":30,"69":30,"70":30,"71":30,"72":30,"73":30,"74":1,"75":2,"76":2,"77":2,"78":2,"79":2,"80":2,"81":2,"82":2,"83":2,"84":1,"85":30,"86":1054,"87":1,"88":2,"89":10,"90":1,"91":1068,"92":1068,"93":1068,"94":1068,"95":1,"96":1,"97":1,"98":1044,"99":1044,"100":1044,"101":1044,"102":1041,"103":1041,"104":1041,"105":3,"106":3,"107":3,"108":4,"109":4,"110":4,"111":1,"112":47,"113":41,"114":1,"115":46,"116":46,"117":77,"118":1,"119":91,"120":91,"121":91,"122":91,"123":91,"124":91,"125":91,"126":91,"127":1,"128":1},"f":{"0":52,"1":1,"2":2,"3":6,"4":30,"5":1,"6":0,"7":77,"8":30,"9":30,"10":30,"11":30,"12":2,"13":30,"14":1054,"15":2,"16":10,"17":1068,"18":1,"19":1044,"20":1044,"21":1041,"22":3,"23":4,"24":47,"25":46,"26":77,"27":91},"b":{"0":[0,2],"1":[0,2],"2":[2,2],"3":[2,0],"4":[46,31],"5":[77,0],"6":[26,51],"7":[77,75,72,26],"8":[1,50],"9":[51,49,3,2],"10":[3,47],"11":[50,48,46,46],"12":[2,45],"13":[47,45,45],"14":[30,0],"15":[30,0],"16":[30,30],"17":[0,2],"18":[1,1],"19":[2,0],"20":[2,0],"21":[2,2],"22":[2,1],"23":[2,0],"24":[1041,27],"25":[3,2],"26":[4,3],"27":[41,6],"28":[46,0]},"_coverageSchema":"332fd63041d2c1bcb487cc26dd0d5f7d97098a6c","hash":"6cbce6dab7187380cd09b63e4d1cd2efcd4c7823","contentHash":"bed798f225379340747c652959ba2078_10.3.2"},"/git/node/rabbot/src/log.js":{"path":"/git/node/rabbot/src/log.js","statementMap":{"0":{"start":{"line":1,"column":10},"end":{"line":1,"column":38}},"1":{"start":{"line":2,"column":0},"end":{"line":2,"column":10}},"2":{"start":{"line":3,"column":0},"end":{"line":3,"column":21}}},"fnMap":{},"branchMap":{},"s":{"0":1,"1":1,"2":1},"f":{},"b":{},"_coverageSchema":"332fd63041d2c1bcb487cc26dd0d5f7d97098a6c","hash":"4d3c69ad6174367bf42cf793b58957542770fcee","contentHash":"c8009200e4aa3371924ea3937407bb1a_10.3.2"},"/git/node/rabbot/spec/behavior/configuration.spec.js":{"path":"/git/node/rabbot/spec/behavior/configuration.spec.js","statementMap":{"0":{"start":{"line":1,"column":0},"end":{"line":1,"column":25}},"1":{"start":{"line":2,"column":11},"end":{"line":2,"column":28}},"2":{"start":{"line":4,"column":0},"end":{"line":226,"column":4}},"3":{"start":{"line":5,"column":12},"end":{"line":5,"column":25}},"4":{"start":{"line":6,"column":18},"end":{"line":12,"column":2}},"5":{"start":{"line":13,"column":14},"end":{"line":16,"column":2}},"6":{"start":{"line":14,"column":2},"end":{"line":14,"column":25}},"7":{"start":{"line":15,"column":2},"end":{"line":15,"column":27}},"8":{"start":{"line":18,"column":1},"end":{"line":20,"column":3}},"9":{"start":{"line":19,"column":2},"end":{"line":19,"column":33}},"10":{"start":{"line":22,"column":1},"end":{"line":22,"column":39}},"11":{"start":{"line":24,"column":1},"end":{"line":59,"column":5}},"12":{"start":{"line":25,"column":15},"end":{"line":29,"column":3}},"13":{"start":{"line":31,"column":2},"end":{"line":50,"column":6}},"14":{"start":{"line":32,"column":3},"end":{"line":32,"column":45}},"15":{"start":{"line":33,"column":3},"end":{"line":36,"column":29}},"16":{"start":{"line":37,"column":3},"end":{"line":40,"column":29}},"17":{"start":{"line":41,"column":3},"end":{"line":44,"column":29}},"18":{"start":{"line":45,"column":3},"end":{"line":45,"column":43}},"19":{"start":{"line":47,"column":16},"end":{"line":47,"column":40}},"20":{"start":{"line":49,"column":3},"end":{"line":49,"column":37}},"21":{"start":{"line":52,"column":2},"end":{"line":54,"column":6}},"22":{"start":{"line":53,"column":3},"end":{"line":53,"column":27}},"23":{"start":{"line":56,"column":2},"end":{"line":58,"column":6}},"24":{"start":{"line":57,"column":3},"end":{"line":57,"column":28}},"25":{"start":{"line":61,"column":2},"end":{"line":96,"column":6}},"26":{"start":{"line":62,"column":17},"end":{"line":66,"column":5}},"27":{"start":{"line":68,"column":4},"end":{"line":87,"column":8}},"28":{"start":{"line":69,"column":6},"end":{"line":69,"column":48}},"29":{"start":{"line":70,"column":6},"end":{"line":73,"column":33}},"30":{"start":{"line":74,"column":6},"end":{"line":77,"column":33}},"31":{"start":{"line":78,"column":6},"end":{"line":81,"column":33}},"32":{"start":{"line":82,"column":6},"end":{"line":82,"column":46}},"33":{"start":{"line":84,"column":19},"end":{"line":84,"column":43}},"34":{"start":{"line":86,"column":6},"end":{"line":86,"column":40}},"35":{"start":{"line":89,"column":4},"end":{"line":91,"column":8}},"36":{"start":{"line":90,"column":6},"end":{"line":90,"column":30}},"37":{"start":{"line":93,"column":4},"end":{"line":95,"column":8}},"38":{"start":{"line":94,"column":6},"end":{"line":94,"column":31}},"39":{"start":{"line":98,"column":1},"end":{"line":137,"column":5}},"40":{"start":{"line":99,"column":15},"end":{"line":103,"column":3}},"41":{"start":{"line":106,"column":2},"end":{"line":124,"column":6}},"42":{"start":{"line":107,"column":3},"end":{"line":107,"column":45}},"43":{"start":{"line":108,"column":3},"end":{"line":111,"column":67}},"44":{"start":{"line":112,"column":3},"end":{"line":113,"column":13}},"45":{"start":{"line":114,"column":3},"end":{"line":115,"column":13}},"46":{"start":{"line":116,"column":3},"end":{"line":116,"column":43}},"47":{"start":{"line":118,"column":16},"end":{"line":118,"column":40}},"48":{"start":{"line":120,"column":3},"end":{"line":123,"column":8}},"49":{"start":{"line":122,"column":5},"end":{"line":122,"column":17}},"50":{"start":{"line":126,"column":2},"end":{"line":128,"column":6}},"51":{"start":{"line":127,"column":3},"end":{"line":127,"column":27}},"52":{"start":{"line":130,"column":2},"end":{"line":132,"column":6}},"53":{"start":{"line":131,"column":3},"end":{"line":131,"column":66}},"54":{"start":{"line":134,"column":2},"end":{"line":136,"column":6}},"55":{"start":{"line":135,"column":3},"end":{"line":135,"column":28}},"56":{"start":{"line":139,"column":1},"end":{"line":180,"column":5}},"57":{"start":{"line":140,"column":15},"end":{"line":144,"column":3}},"58":{"start":{"line":147,"column":2},"end":{"line":167,"column":6}},"59":{"start":{"line":148,"column":3},"end":{"line":148,"column":45}},"60":{"start":{"line":149,"column":3},"end":{"line":152,"column":29}},"61":{"start":{"line":153,"column":3},"end":{"line":156,"column":67}},"62":{"start":{"line":157,"column":3},"end":{"line":158,"column":13}},"63":{"start":{"line":159,"column":3},"end":{"line":159,"column":43}},"64":{"start":{"line":161,"column":16},"end":{"line":161,"column":40}},"65":{"start":{"line":163,"column":3},"end":{"line":166,"column":8}},"66":{"start":{"line":165,"column":5},"end":{"line":165,"column":17}},"67":{"start":{"line":169,"column":2},"end":{"line":171,"column":6}},"68":{"start":{"line":170,"column":3},"end":{"line":170,"column":27}},"69":{"start":{"line":173,"column":2},"end":{"line":175,"column":6}},"70":{"start":{"line":174,"column":3},"end":{"line":174,"column":66}},"71":{"start":{"line":177,"column":2},"end":{"line":179,"column":6}},"72":{"start":{"line":178,"column":3},"end":{"line":178,"column":28}},"73":{"start":{"line":182,"column":1},"end":{"line":225,"column":5}},"74":{"start":{"line":183,"column":15},"end":{"line":187,"column":3}},"75":{"start":{"line":190,"column":2},"end":{"line":212,"column":6}},"76":{"start":{"line":191,"column":3},"end":{"line":191,"column":45}},"77":{"start":{"line":192,"column":3},"end":{"line":195,"column":29}},"78":{"start":{"line":196,"column":3},"end":{"line":199,"column":29}},"79":{"start":{"line":200,"column":3},"end":{"line":203,"column":67}},"80":{"start":{"line":204,"column":3},"end":{"line":204,"column":43}},"81":{"start":{"line":206,"column":16},"end":{"line":206,"column":40}},"82":{"start":{"line":208,"column":3},"end":{"line":211,"column":8}},"83":{"start":{"line":210,"column":5},"end":{"line":210,"column":17}},"84":{"start":{"line":214,"column":2},"end":{"line":216,"column":6}},"85":{"start":{"line":215,"column":3},"end":{"line":215,"column":27}},"86":{"start":{"line":218,"column":2},"end":{"line":220,"column":6}},"87":{"start":{"line":219,"column":3},"end":{"line":219,"column":66}},"88":{"start":{"line":222,"column":2},"end":{"line":224,"column":6}},"89":{"start":{"line":223,"column":3},"end":{"line":223,"column":28}}},"fnMap":{"0":{"name":"(anonymous_0)","decl":{"start":{"line":4,"column":27},"end":{"line":4,"column":28}},"loc":{"start":{"line":4,"column":38},"end":{"line":226,"column":1}},"line":4},"1":{"name":"(anonymous_1)","decl":{"start":{"line":5,"column":12},"end":{"line":5,"column":13}},"loc":{"start":{"line":5,"column":23},"end":{"line":5,"column":25}},"line":5},"2":{"name":"(anonymous_2)","decl":{"start":{"line":13,"column":14},"end":{"line":13,"column":15}},"loc":{"start":{"line":13,"column":31},"end":{"line":16,"column":2}},"line":13},"3":{"name":"(anonymous_3)","decl":{"start":{"line":18,"column":34},"end":{"line":18,"column":35}},"loc":{"start":{"line":18,"column":45},"end":{"line":20,"column":2}},"line":18},"4":{"name":"(anonymous_4)","decl":{"start":{"line":22,"column":25},"end":{"line":22,"column":26}},"loc":{"start":{"line":22,"column":36},"end":{"line":22,"column":38}},"line":22},"5":{"name":"(anonymous_5)","decl":{"start":{"line":24,"column":39},"end":{"line":24,"column":40}},"loc":{"start":{"line":24,"column":50},"end":{"line":59,"column":2}},"line":24},"6":{"name":"(anonymous_6)","decl":{"start":{"line":31,"column":10},"end":{"line":31,"column":11}},"loc":{"start":{"line":31,"column":21},"end":{"line":50,"column":3}},"line":31},"7":{"name":"(anonymous_7)","decl":{"start":{"line":52,"column":36},"end":{"line":52,"column":37}},"loc":{"start":{"line":52,"column":47},"end":{"line":54,"column":3}},"line":52},"8":{"name":"(anonymous_8)","decl":{"start":{"line":56,"column":9},"end":{"line":56,"column":10}},"loc":{"start":{"line":56,"column":20},"end":{"line":58,"column":3}},"line":56},"9":{"name":"(anonymous_9)","decl":{"start":{"line":61,"column":51},"end":{"line":61,"column":52}},"loc":{"start":{"line":61,"column":62},"end":{"line":96,"column":3}},"line":61},"10":{"name":"(anonymous_10)","decl":{"start":{"line":68,"column":12},"end":{"line":68,"column":13}},"loc":{"start":{"line":68,"column":23},"end":{"line":87,"column":5}},"line":68},"11":{"name":"(anonymous_11)","decl":{"start":{"line":89,"column":38},"end":{"line":89,"column":39}},"loc":{"start":{"line":89,"column":49},"end":{"line":91,"column":5}},"line":89},"12":{"name":"(anonymous_12)","decl":{"start":{"line":93,"column":11},"end":{"line":93,"column":12}},"loc":{"start":{"line":93,"column":22},"end":{"line":95,"column":5}},"line":93},"13":{"name":"(anonymous_13)","decl":{"start":{"line":98,"column":43},"end":{"line":98,"column":44}},"loc":{"start":{"line":98,"column":54},"end":{"line":137,"column":2}},"line":98},"14":{"name":"(anonymous_14)","decl":{"start":{"line":106,"column":10},"end":{"line":106,"column":11}},"loc":{"start":{"line":106,"column":21},"end":{"line":124,"column":3}},"line":106},"15":{"name":"(anonymous_15)","decl":{"start":{"line":121,"column":17},"end":{"line":121,"column":18}},"loc":{"start":{"line":121,"column":33},"end":{"line":123,"column":5}},"line":121},"16":{"name":"(anonymous_16)","decl":{"start":{"line":126,"column":36},"end":{"line":126,"column":37}},"loc":{"start":{"line":126,"column":47},"end":{"line":128,"column":3}},"line":126},"17":{"name":"(anonymous_17)","decl":{"start":{"line":130,"column":29},"end":{"line":130,"column":30}},"loc":{"start":{"line":130,"column":40},"end":{"line":132,"column":3}},"line":130},"18":{"name":"(anonymous_18)","decl":{"start":{"line":134,"column":9},"end":{"line":134,"column":10}},"loc":{"start":{"line":134,"column":20},"end":{"line":136,"column":3}},"line":134},"19":{"name":"(anonymous_19)","decl":{"start":{"line":139,"column":40},"end":{"line":139,"column":41}},"loc":{"start":{"line":139,"column":51},"end":{"line":180,"column":2}},"line":139},"20":{"name":"(anonymous_20)","decl":{"start":{"line":147,"column":10},"end":{"line":147,"column":11}},"loc":{"start":{"line":147,"column":21},"end":{"line":167,"column":3}},"line":147},"21":{"name":"(anonymous_21)","decl":{"start":{"line":164,"column":17},"end":{"line":164,"column":18}},"loc":{"start":{"line":164,"column":33},"end":{"line":166,"column":5}},"line":164},"22":{"name":"(anonymous_22)","decl":{"start":{"line":169,"column":36},"end":{"line":169,"column":37}},"loc":{"start":{"line":169,"column":47},"end":{"line":171,"column":3}},"line":169},"23":{"name":"(anonymous_23)","decl":{"start":{"line":173,"column":29},"end":{"line":173,"column":30}},"loc":{"start":{"line":173,"column":40},"end":{"line":175,"column":3}},"line":173},"24":{"name":"(anonymous_24)","decl":{"start":{"line":177,"column":9},"end":{"line":177,"column":10}},"loc":{"start":{"line":177,"column":20},"end":{"line":179,"column":3}},"line":177},"25":{"name":"(anonymous_25)","decl":{"start":{"line":182,"column":42},"end":{"line":182,"column":43}},"loc":{"start":{"line":182,"column":53},"end":{"line":225,"column":2}},"line":182},"26":{"name":"(anonymous_26)","decl":{"start":{"line":190,"column":10},"end":{"line":190,"column":11}},"loc":{"start":{"line":190,"column":21},"end":{"line":212,"column":3}},"line":190},"27":{"name":"(anonymous_27)","decl":{"start":{"line":209,"column":17},"end":{"line":209,"column":18}},"loc":{"start":{"line":209,"column":33},"end":{"line":211,"column":5}},"line":209},"28":{"name":"(anonymous_28)","decl":{"start":{"line":214,"column":36},"end":{"line":214,"column":37}},"loc":{"start":{"line":214,"column":47},"end":{"line":216,"column":3}},"line":214},"29":{"name":"(anonymous_29)","decl":{"start":{"line":218,"column":29},"end":{"line":218,"column":30}},"loc":{"start":{"line":218,"column":40},"end":{"line":220,"column":3}},"line":218},"30":{"name":"(anonymous_30)","decl":{"start":{"line":222,"column":9},"end":{"line":222,"column":10}},"loc":{"start":{"line":222,"column":20},"end":{"line":224,"column":3}},"line":222}},"branchMap":{},"s":{"0":1,"1":1,"2":1,"3":1,"4":1,"5":1,"6":5,"7":5,"8":1,"9":5,"10":1,"11":1,"12":1,"13":1,"14":1,"15":1,"16":1,"17":1,"18":1,"19":1,"20":1,"21":1,"22":1,"23":1,"24":1,"25":1,"26":1,"27":1,"28":1,"29":1,"30":1,"31":1,"32":1,"33":1,"34":1,"35":1,"36":1,"37":1,"38":1,"39":1,"40":1,"41":1,"42":1,"43":1,"44":1,"45":1,"46":1,"47":1,"48":1,"49":1,"50":1,"51":1,"52":1,"53":1,"54":1,"55":1,"56":1,"57":1,"58":1,"59":1,"60":1,"61":1,"62":1,"63":1,"64":1,"65":1,"66":1,"67":1,"68":1,"69":1,"70":1,"71":1,"72":1,"73":1,"74":1,"75":1,"76":1,"77":1,"78":1,"79":1,"80":1,"81":1,"82":1,"83":1,"84":1,"85":1,"86":1,"87":1,"88":1,"89":1},"f":{"0":1,"1":0,"2":5,"3":5,"4":2,"5":1,"6":1,"7":1,"8":1,"9":1,"10":1,"11":1,"12":1,"13":1,"14":1,"15":1,"16":1,"17":1,"18":1,"19":1,"20":1,"21":1,"22":1,"23":1,"24":1,"25":1,"26":1,"27":1,"28":1,"29":1,"30":1},"b":{},"_coverageSchema":"332fd63041d2c1bcb487cc26dd0d5f7d97098a6c","hash":"018fe3d398de21022aeaae32655ffdfe59cb7c69","contentHash":"1fb698cd4d3f66b5476dcc6685df7466_10.3.2"},"/git/node/rabbot/spec/behavior/connectionFsm.spec.js":{"path":"/git/node/rabbot/spec/behavior/connectionFsm.spec.js","statementMap":{"0":{"start":{"line":1,"column":0},"end":{"line":1,"column":25}},"1":{"start":{"line":2,"column":11},"end":{"line":2,"column":28}},"2":{"start":{"line":3,"column":19},"end":{"line":3,"column":58}},"3":{"start":{"line":4,"column":11},"end":{"line":4,"column":24}},"4":{"start":{"line":5,"column":19},"end":{"line":5,"column":38}},"5":{"start":{"line":9,"column":24},"end":{"line":46,"column":1}},"6":{"start":{"line":10,"column":16},"end":{"line":10,"column":18}},"7":{"start":{"line":13,"column":2},"end":{"line":15,"column":3}},"8":{"start":{"line":14,"column":3},"end":{"line":14,"column":81}},"9":{"start":{"line":19,"column":2},"end":{"line":19,"column":26}},"10":{"start":{"line":23,"column":2},"end":{"line":23,"column":16}},"11":{"start":{"line":24,"column":2},"end":{"line":24,"column":20}},"12":{"start":{"line":25,"column":2},"end":{"line":25,"column":28}},"13":{"start":{"line":26,"column":2},"end":{"line":26,"column":35}},"14":{"start":{"line":27,"column":2},"end":{"line":27,"column":22}},"15":{"start":{"line":30,"column":16},"end":{"line":43,"column":2}},"16":{"start":{"line":32,"column":3},"end":{"line":32,"column":29}},"17":{"start":{"line":33,"column":3},"end":{"line":33,"column":17}},"18":{"start":{"line":44,"column":1},"end":{"line":44,"column":52}},"19":{"start":{"line":45,"column":1},"end":{"line":45,"column":17}},"20":{"start":{"line":48,"column":0},"end":{"line":336,"column":4}},"21":{"start":{"line":50,"column":1},"end":{"line":67,"column":5}},"22":{"start":{"line":52,"column":2},"end":{"line":62,"column":6}},"23":{"start":{"line":53,"column":3},"end":{"line":61,"column":29}},"24":{"start":{"line":54,"column":4},"end":{"line":60,"column":10}},"25":{"start":{"line":55,"column":17},"end":{"line":55,"column":33}},"26":{"start":{"line":56,"column":5},"end":{"line":58,"column":6}},"27":{"start":{"line":57,"column":6},"end":{"line":57,"column":84}},"28":{"start":{"line":59,"column":5},"end":{"line":59,"column":18}},"29":{"start":{"line":64,"column":2},"end":{"line":66,"column":6}},"30":{"start":{"line":65,"column":3},"end":{"line":65,"column":22}},"31":{"start":{"line":69,"column":1},"end":{"line":134,"column":5}},"32":{"start":{"
[...]
1},"end":{"line":367,"column":6}},"162":{"start":{"line":354,"column":18},"end":{"line":354,"column":136}},"163":{"start":{"line":355,"column":20},"end":{"line":355,"column":118}},"164":{"start":{"line":357,"column":3},"end":{"line":366,"column":5}}},"fnMap":{"0":{"name":"(anonymous_0)","decl":{"start":{"line":12,"column":11},"end":{"line":12,"column":12}},"loc":{"start":{"line":12,"column":22},"end":{"line":12,"column":24}},"line":12},"1":{"name":"aliasOptions","decl":{"start":{"line":32,"column":9},"end":{"line":32,"column":21}},"loc":{"start":{"line":32,"column":42},"end":{"line":38,"column":1}},"line":32},"2":{"name":"(anonymous_2)","decl":{"start":{"line":33,"column":37},"end":{"line":33,"column":38}},"loc":{"start":{"line":33,"column":68},"end":{"line":36,"column":2}},"line":33},"3":{"name":"define","decl":{"start":{"line":40,"column":9},"end":{"line":40,"column":15}},"loc":{"start":{"line":40,"column":64},"end":{"line":57,"column":1}},"line":40},"4":{"name":"(anonymous_4)","decl":{"start":{"line":51,"column":9},"end":{"line":51,"column":10}},"loc":{"start":{"line":51,"column":23},"end":{"line":56,"column":3}},"line":51},"5":{"name":"finalize","decl":{"start":{"line":59,"column":9},"end":{"line":59,"column":17}},"loc":{"start":{"line":59,"column":39},"end":{"line":64,"column":1}},"line":59},"6":{"name":"getContentType","decl":{"start":{"line":66,"column":9},"end":{"line":66,"column":23}},"loc":{"start":{"line":66,"column":41},"end":{"line":77,"column":1}},"line":66},"7":{"name":"getCount","decl":{"start":{"line":79,"column":9},"end":{"line":79,"column":17}},"loc":{"start":{"line":79,"column":30},"end":{"line":85,"column":1}},"line":79},"8":{"name":"getNoBatchOps","decl":{"start":{"line":87,"column":9},"end":{"line":87,"column":22}},"loc":{"start":{"line":87,"column":56},"end":{"line":119,"column":1}},"line":87},"9":{"name":"(anonymous_9)","decl":{"start":{"line":93,"column":9},"end":{"line":93,"column":10}},"loc":{"start":{"line":93,"column":20},"end":{"line":95,"column":3}},"line":93},"10":{"name":"(anonymous_10)","decl":{"start":{"line":96,"column":11},"end":{"line":96,"column":12}},"loc":{"start":{"line":96,"column":22},"end":{"line":98,"column":3}},"line":96},"11":{"name":"(anonymous_11)","decl":{"start":{"line":100,"column":8},"end":{"line":100,"column":9}},"loc":{"start":{"line":100,"column":19},"end":{"line":103,"column":3}},"line":100},"12":{"name":"(anonymous_12)","decl":{"start":{"line":104,"column":9},"end":{"line":104,"column":10}},"loc":{"start":{"line":104,"column":20},"end":{"line":107,"column":3}},"line":104},"13":{"name":"(anonymous_13)","decl":{"start":{"line":108,"column":11},"end":{"line":108,"column":12}},"loc":{"start":{"line":108,"column":22},"end":{"line":111,"column":3}},"line":108},"14":{"name":"getReply","decl":{"start":{"line":121,"column":9},"end":{"line":121,"column":17}},"loc":{"start":{"line":121,"column":75},"end":{"line":171,"column":1}},"line":121},"15":{"name":"(anonymous_15)","decl":{"start":{"line":123,"column":8},"end":{"line":123,"column":9}},"loc":{"start":{"line":123,"column":35},"end":{"line":170,"column":2}},"line":123},"16":{"name":"getResolutionOperations","decl":{"start":{"line":173,"column":9},"end":{"line":173,"column":32}},"loc":{"start":{"line":173,"column":68},"end":{"line":183,"column":1}},"line":173},"17":{"name":"getTrackedOps","decl":{"start":{"line":185,"column":9},"end":{"line":185,"column":22}},"loc":{"start":{"line":185,"column":40},"end":{"line":187,"column":1}},"line":185},"18":{"name":"getUntrackedOps","decl":{"start":{"line":189,"column":9},"end":{"line":189,"column":24}},"loc":{"start":{"line":189,"column":51},"end":{"line":200,"column":1}},"line":189},"19":{"name":"(anonymous_19)","decl":{"start":{"line":193,"column":8},"end":{"line":193,"column":9}},"loc":{"start":{"line":193,"column":19},"end":{"line":195,"column":3}},"line":193},"20":{"name":"(anonymous_20)","decl":{"start":{"line":196,"column":10},"end":{"line":196,"column":11}},"loc":{"start":{"line":196,"column":21},"end":{"line":198,"column":3}},"line":196},"21":{"name":"release","decl":{"start":{"line":202,"column":9},"end":{"line":202,"column":16}},"loc":{"start":{"line":202,"column":57},"end":{"line":218,"column":1}},"line":202},"22":{"name":"onUnsubscribed","decl":{"start":{"line":203,"column":10},"end":{"line":203,"column":24}},"loc":{"start":{"line":203,"column":27},"end":{"line":215,"column":2}},"line":203},"23":{"name":"(anonymous_23)","decl":{"start":{"line":204,"column":23},"end":{"line":204,"column":24}},"loc":{"start":{"line":204,"column":43},"end":{"line":214,"column":3}},"line":204},"24":{"name":"(anonymous_24)","decl":{"start":{"line":206,"column":28},"end":{"line":206,"column":29}},"loc":{"start":{"line":206,"column":39},"end":{"line":209,"column":5}},"line":206},"25":{"name":"resolveTags","decl":{"start":{"line":220,"column":9},"end":{"line":220,"column":20}},"loc":{"start":{"line":220,"column":51},"end":{"line":236,"column":1}},"line":220},"26":{"name":"(anonymous_26)","decl":{"start":{"line":221,"column":8},"end":{"line":221,"column":9}},"loc":{"start":{"line":221,"column":29},"end":{"line":235,"column":2}},"line":221},"27":{"name":"subscribe","decl":{"start":{"line":238,"column":9},"end":{"line":238,"column":18}},"loc":{"start":{"line":238,"column":96},"end":{"line":339,"column":1}},"line":238},"28":{"name":"(anonymous_28)","decl":{"start":{"line":254,"column":39},"end":{"line":254,"column":40}},"loc":{"start":{"line":254,"column":55},"end":{"line":331,"column":2}},"line":254},"29":{"name":"(anonymous_29)","decl":{"start":{"line":291,"column":18},"end":{"line":291,"column":19}},"loc":{"start":{"line":291,"column":35},"end":{"line":309,"column":3}},"line":291},"30":{"name":"(anonymous_30)","decl":{"start":{"line":332,"column":9},"end":{"line":332,"column":10}},"loc":{"start":{"line":332,"column":28},"end":{"line":335,"column":3}},"line":332},"31":{"name":"(anonymous_31)","decl":{"start":{"line":335,"column":5},"end":{"line":335,"column":6}},"loc":{"start":{"line":335,"column":21},"end":{"line":338,"column":5}},"line":335},"32":{"name":"unsubscribe","decl":{"start":{"line":341,"column":9},"end":{"line":341,"column":20}},"loc":{"start":{"line":341,"column":41},"end":{"line":348,"column":1}},"line":341},"33":{"name":"(anonymous_33)","decl":{"start":{"line":350,"column":17},"end":{"line":350,"column":18}},"loc":{"start":{"line":350,"column":60},"end":{"line":368,"column":1}},"line":350},"34":{"name":"(anonymous_34)","decl":{"start":{"line":353,"column":9},"end":{"line":353,"column":10}},"loc":{"start":{"line":353,"column":29},"end":{"line":367,"column":3}},"line":353}},"branchMap":{"0":{"loc":{"start":{"line":35,"column":10},"end":{"line":35,"column":22}},"type":"binary-expr","locations":[{"start":{"line":35,"column":10},"end":{"line":35,"column":15}},{"start":{"line":35,"column":19},"end":{"line":35,"column":22}}],"line":35},"1":{"loc":{"start":{"line":52,"column":3},"end":{"line":54,"column":4}},"type":"if","locations":[{"start":{"line":52,"column":3},"end":{"line":54,"column":4}},{"start":{"line":52,"column":3},"end":{"line":54,"column":4}}],"line":52},"2":{"loc":{"start":{"line":67,"column":1},"end":{"line":76,"column":2}},"type":"if","locations":[{"start":{"line":67,"column":1},"end":{"line":76,"column":2}},{"start":{"line":67,"column":1},"end":{"line":76,"column":2}}],"line":67},"3":{"loc":{"start":{"line":67,"column":5},"end":{"line":67,"column":35}},"type":"binary-expr","locations":[{"start":{"line":67,"column":5},"end":{"line":67,"column":12}},{"start":{"line":67,"column":16},"end":{"line":67,"column":35}}],"line":67},"4":{"loc":{"start":{"line":70,"column":6},"end":{"line":76,"column":2}},"type":"if","locations":[{"start":{"line":70,"column":6},"end":{"line":76,"column":2}},{"start":{"line":70,"column":6},"end":{"line":76,"column":2}}],"line":70},"5":{"loc":{"start":{"line":72,"column":8},"end":{"line":76,"column":2}},"type":"if","locations":[{"start":{"line":72,"column":8},"end":{"line":76,"column":2}},{"start":{"line":72,"column":8},"end":{"line":76,"column":2}}],"line":72},"6":{"loc":{"start":{"line":72,"column":12},"end":{"line":72,"column":46}},"type":"binary-expr","locations":[{"start":{"line":72,"column":12},"end":{"line":72,"column":30}},{"start":{"line":72,"column":34},"end":{"line":72,"column":46}}],"line":72},"7":{"loc":{"start":{"line":80,"column":1},"end":{"line":84,"column":2}},"type":"if","locations":[{"start":{"line":80,"column":1},"end":{"line":84,"column":2}},{"start":{"line":80,"column":1},"end":{"line":84,"column":2}}],"line":80},"8":{"loc":{"start":{"line":91,"column":1},"end":{"line":112,"column":2}},"type":"if","locations":[{"start":{"line":91,"column":1},"end":{"line":112,"column":2}},{"start":{"line":91,"column":1},"end":{"line":112,"column":2}}],"line":91},"9":{"loc":{"start":{"line":125,"column":18},"end":{"line":125,"column":88}},"type":"cond-expr","locations":[{"start":{"line":125,"column":30},"end":{"line":125,"column":67}},{"start":{"line":125,"column":72},"end":{"line":125,"column":88}}],"line":125},"10":{"loc":{"start":{"line":125,"column":30},"end":{"line":125,"column":67}},"type":"binary-expr","locations":[{"start":{"line":125,"column":30},"end":{"line":125,"column":47}},{"start":{"line":125,"column":51},"end":{"line":125,"column":67}}],"line":125},"11":{"loc":{"start":{"line":128,"column":2},"end":{"line":132,"column":3}},"type":"if","locations":[{"start":{"line":128,"column":2},"end":{"line":132,"column":3}},{"start":{"line":128,"column":2},"end":{"line":132,"column":3}}],"line":128},"12":{"loc":{"start":{"line":137,"column":2},"end":{"line":169,"column":3}},"type":"if","locations":[{"start":{"line":137,"column":2},"end":{"line":169,"column":3}},{"start":{"line":137,"column":2},"end":{"line":169,"column":3}}],"line":137},"13":{"loc":{"start":{"line":143,"column":16},"end":{"line":143,"column":77}},"type":"cond-expr","locations":[{"start":{"line":143,"column":47},"end":{"line":143,"column":64}},{"start":{"line":143,"column":67},"end":{"line":143,"column":77}}],"line":143},"14":{"loc":{"start":{"line":143,"column":16},"end":{"line":143,"column":44}},"type":"binary-expr","locations":[{"start":{"line":143,"column":16},"end":{"line":143,"column":23}},{"start":{"line":143,"column":27},"end":{"line":143,"column":44}}],"line":143},"15":{"loc":{"start":{"line":144,"column":14},"end":{"line":144,"column":59}},"type":"cond-expr","locations":[{"start":{"line":144,"column":37},"end":{"line":144,"column":46}},{"start":{"line":144,"column":49},"end":{"line":144,"column":59}}],"line":144},"16":{"loc":{"start":{"line":145,"column":14},"end":{"line":145,"column":63}},"type":"cond-expr","locations":[{"start":{"line":145,"column":43},"end":{"line":145,"column":58}},{"start":{"line":145,"column":61},"end":{"line":145,"column":63}}],"line":145},"17":{"loc":{"start":{"line":145,"column":14},"end":{"line":145,"column":40}},"type":"binary-expr","locations":[{"start":{"line":145,"column":14},"end":{"line":145,"column":21}},{"start":{"line":145,"column":25},"end":{"line":145,"column":40}}],"line":145},"18":{"loc":{"start":{"line":147,"column":3},"end":{"line":151,"column":4}},"type":"if","locations":[{"start":{"line":147,"column":3},"end":{"line":151,"column":4}},{"start":{"line":147,"column":3},"end":{"line":151,"column":4}}],"line":147},"19":{"loc":{"start":{"line":147,"column":8},"end":{"line":147,"column":31}},"type":"binary-expr","locations":[{"start":{"line":147,"column":8},"end":{"line":147,"column":15}},{"start":{"line":147,"column":19},"end":{"line":147,"column":31}}],"line":147},"20":{"loc":{"start":{"line":157,"column":3},"end":{"line":166,"column":4}},"type":"if","locations":[{"start":{"line":157,"column":3},"end":{"line":166,"column":4}},{"start":{"line":157,"column":3},"end":{"line":166,"column":4}}],"line":157},"21":{"loc":{"start":{"line":157,"column":8},"end":{"line":157,"column":77}},"type":"binary-expr","locations":[{"start":{"line":157,"column":8},"end":{"line":157,"column":30}},{"start":{"line":157,"column":34},"end":{"line":157,"column":77}}],"line":157},"22":{"loc":{"start":{"line":174,"column":1},"end":{"line":176,"column":2}},"type":"if","locations":[{"start":{"line":174,"column":1},"end":{"line":176,"column":2}},{"start":{"line":174,"column":1},"end":{"line":176,"column":2}}],"line":174},"23":{"loc":{"start":{"line":178,"column":1},"end":{"line":180,"column":2}},"type":"if","locations":[{"start":{"line":178,"column":1},"end":{"line":180,"column":2}},{"start":{"line":178,"column":1},"end":{"line":180,"column":2}}],"line":178},"24":{"loc":{"start":{"line":178,"column":6},"end":{"line":178,"column":38}},"type":"binary-expr","locations":[{"start":{"line":178,"column":6},"end":{"line":178,"column":19}},{"start":{"line":178,"column":23},"end":{"line":178,"column":38}}],"line":178},"25":{"loc":{"start":{"line":205,"column":3},"end":{"line":213,"column":4}},"type":"if","locations":[{"start":{"line":205,"column":3},"end":{"line":213,"column":4}},{"start":{"line":205,"column":3},"end":{"line":213,"column":4}}],"line":205},"26":{"loc":{"start":{"line":205,"column":8},"end":{"line":205,"column":45}},"type":"binary-expr","locations":[{"start":{"line":205,"column":8},"end":{"line":205,"column":32}},{"start":{"line":205,"column":36},"end":{"line":205,"column":45}}],"line":205},"27":{"loc":{"start":{"line":222,"column":2},"end":{"line":234,"column":3}},"type":"switch","locations":[{"start":{"line":223,"column":3},"end":{"line":225,"column":80}},{"start":{"line":226,"column":3},"end":{"line":228,"column":81}},{"start":{"line":229,"column":3},"end":{"line":231,"column":88}},{"start":{"line":232,"column":3},"end":{"line":233,"column":24}}],"line":222},"28":{"loc":{"start":{"line":243,"column":16},"end":{"line":243,"column":43}},"type":"binary-expr","locations":[{"start":{"line":243,"column":16},"end":{"line":243,"column":27}},{"start":{"line":243,"column":31},"end":{"line":243,"column":43}}],"line":243},"29":{"loc":{"start":{"line":244,"column":1},"end":{"line":246,"column":2}},"type":"if","locations":[{"start":{"line":244,"column":1},"end":{"line":246,"column":2}},{"start":{"line":244,"column":1},"end":{"line":246,"column":2}}],"line":244},"30":{"loc":{"start":{"line":244,"column":6},"end":{"line":244,"column":30}},"type":"binary-expr","locations":[{"start":{"line":244,"column":6},"end":{"line":244,"column":15}},{"start":{"line":244,"column":19},"end":{"line":244,"column":30}}],"line":244},"31":{"loc":{"start":{"line":249,"column":1},"end":{"line":252,"column":2}},"type":"if","locations":[{"start":{"line":249,"column":1},"end":{"line":252,"column":2}},{"start":{"line":249,"column":1},"end":{"line":252,"column":2}}],"line":249},"32":{"loc":{"start":{"line":255,"column":2},"end":{"line":259,"column":3}},"type":"if","locations":[{"start":{"line":255,"column":2},"end":{"line":259,"column":3}},{"start":{"line":255,"column":2},"end":{"line":259,"column":3}}],"line":255},"33":{"loc":{"start":{"line":267,"column":13},"end":{"line":267,"column":91}},"type":"cond-expr","locations":[{"start":{"line":267,"column":48},"end":{"line":267,"column":69}},{"start":{"line":267,"column":72},"end":{"line":267,"column":91}}],"line":267},"34":{"loc":{"start":{"line":268,"column":2},"end":{"line":270,"column":3}},"type":"if","locations":[{"start":{"line":268,"column":2},"end":{"line":270,"column":3}},{"start":{"line":268,"column":2},"end":{"line":270,"column":3}}],"line":268},"35":{"loc":{"start":{"line":273,"column":2},"end":{"line":275,"column":3}},"type":"if","locations":[{"start":{"line":273,"column":2},"end":{"line":275,"column":3}},{"start":{"line":273,"column":2},"end":{"line":275,"column":3}}],"line":273},"36":{"loc":{"start":{"line":277,"column":20},"end":{"line":277,"column":76}},"type":"binary-expr","locations":[{"start":{"line":277,"column":20},"end":{"line":277,"column":46}},{"start":{"line":277,"column":50},"end":{"line":277,"column":76}}],"line":277},"37":{"loc":{"start":{"line":279,"column":2},"end":{"line":289,"column":3}},"type":"if","locations":[{"start":{"line":279,"column":2},"end":{"line":289,"column":3}},{"start":{"line":279,"column":2},"end":{"line":289,"column":3}}],"line":279},"38":{"loc":{"start":{"line":294,"column":3},"end":{"line":296,"column":4}},"type":"if","locations":[{"start":{"line":294,"column":3},"end":{"line":296,"column":4}},{"start":{"line":294,"column":3},"end":{"line":296,"column":4}}],"line":294},"39":{"loc":{"start":{"line":297,"column":3},"end":{"line":299,"column":4}},"type":"if","locations":[{"start":{"line":297,"column":3},"end":{"line":299,"column":4}},{"start":{"line":297,"column":3},"end":{"line":299,"column":4}}],"line":297},"40":{"loc":{"start":{"line":297,"column":8},"end":{"line":297,"column":32}},"type":"binary-expr","locations":[{"start":{"line":297,"column":8},"end":{"line":297,"column":17}},{"start":{"line":297,"column":21},"end":{"line":297,"column":32}}],"line":297},"41":{"loc":{"start":{"line":301,"column":3},"end":{"line":308,"column":4}},"type":"if","locations":[{"start":{"line":301,"column":3},"end":{"line":308,"column":4}},{"start":{"line":301,"column":3},"end":{"line":308,"column":4}}],"line":301},"42":{"loc":{"start":{"line":311,"column":2},"end":{"line":330,"column":3}},"type":"if","locations":[{"start":{"line":311,"column":2},"end":{"line":330,"column":3}},{"start":{"line":311,"column":2},"end":{"line":330,"column":3}}],"line":311},"43":{"loc":{"start":{"line":342,"column":1},"end":{"line":347,"column":2}},"type":"if","locations":[{"start":{"line":342,"column":1},"end":{"line":347,"column":2}},{"start":{"line":342,"column":1},"end":{"line":347,"column":2}}],"line":342}},"s":{"0":1,"1":1,"2":1,"3":1,"4":1,"5":1,"6":1,"7":1,"8":1,"9":1,"10":1,"11":1,"12":44,"13":202,"14":202,"15":44,"16":44,"17":44,"18":44,"19":44,"20":2,"21":44,"22":39,"23":39,"24":39,"25":39,"26":5,"27":0,"28":5,"29":5,"30":0,"31":0,"32":0,"33":54,"34":54,"35":0,"36":10,"37":10,"38":0,"39":0,"40":0,"41":0,"42":0,"43":10,"44":9,"45":9,"46":10,"47":0,"48":0,"49":10,"50":0,"51":0,"52":10,"53":1061,"54":1061,"55":5,"56":5,"57":5,"58":5,"59":5,"60":0,"61":0,"62":0,"63":5,"64":5,"65":5,"66":5,"67":5,"68":5,"69":2,"70":3,"71":5,"72":5,"73":0,"74":5,"75":0,"76":1061,"77":10,"78":1051,"79":14,"80":1037,"81":1037,"82":14,"83":14,"84":0,"85":0,"86":39,"87":39,"88":15,"89":15,"90":15,"91":24,"92":24,"93":39,"94":44,"95":68,"96":25,"97":25,"98":0,"99":0,"100":1,"101":1,"102":42,"103":43,"104":43,"105":43,"106":43,"107":43,"108":39,"109":43,"110":43,"111":0,"112":0,"113":43,"114":43,"115":1061,"116":0,"117":0,"118":1061,"119":1061,"120":1061,"121":1061,"122":1061,"123":1061,"124":1061,"125":1061,"126":0,"127":1061,"128":1061,"129":1061,"130":1055,"131":1061,"132":1061,"133":1061,"134":1061,"135":0,"136":0,"137":1061,"138":1061,"139":0,"140":1061,"141":1061,"142":1052,"143":1061,"144":1037,"145":1061,"146":9,"147":9,"148":1061,"149":5,"150":1056,"151":43,"152":43,"153":0,"154":0,"155":39,"156":38,"157":38,"158":1,"159":1,"160":46,"161":46,"162":44,"163":44,"164":44},"f":{"0":14,"1":44,"2":202,"3":44,"4":44,"5":39,"6":5,"7":54,"8":10,"9":0,"10":0,"11":9,"12":0,"13":0,"14":1061,"15":5,"16":1061,"17":1037,"18":14,"19":0,"20":0,"21":39,"22":39,"23":39,"24":15,"25":44,"26":68,"27":43,"28":1061,"29":1061,"30":43,"31":0,"32":39,"33":46,"34":44},"b":{"0":[202,196],"1":[2,42],"2":[0,5],"3":[5,2],"4":[5,0],"5":[0,0],"6":[0,0],"7":[54,0],"8":[0,10],"9":[2,3],"10":[2,2],"11":[0,5],"12":[5,0],"13":[0,5],"14":[5,2],"15":[0,5],"16":[0,5],"17":[5,2],"18":[2,3],"19":[5,2],"20":[0,5],"21":[5,5],"22":[10,1051],"23":[14,1037],"24":[1051,1037],"25":[15,24],"26":[39,15],"27":[25,0,1,42],"28":[43,1],"29":[39,4],"30":[43,40],"31":[0,43],"32":[0,1061],"33":[7,1054],"34":[0,1061],"35":[1055,6],"36":[1061,0],"37":[0,1061],"38":[1052,9],"39":[1037,24],"40":[1061,1047],"41":[9,1052],"42":[5,1056],"43":[38,1]},"_coverageSchema":"332fd63041d2c1bcb487cc26dd0d5f7d97098a6c","hash":"e635543d5c3a14d0726e5daa04ab3d28af1f0402","contentHash":"620c598c5ac03673f370017586ccdb44_10.3.2"}}